2014-April-16@10:40:27,776 - Erro ao carregar conta
Início da mensagem de erro:
java.lang.ClassCastException: com.copel.sgd.dao.ContaDAO cannot be cast to com.copel.Controle
	at com.copel.dao.ControleDAO.lerControle(ControleDAO.java:31)
	at com.copel.dao.ProxyDAO.carregar(ProxyDAO.java:71)
	at com.copel.sgd.bo.ContaBO.carregar(ContaBO.java:31)
	at com.copel.sgd.fachada.SGD.carregarUsuario(SGD.java:123)
	at com.copel.sgd.fachada.SGD$1.run(SGD.java:43)
	at java.awt.event.InvocationEvent.dispatch(Unknown Source)
	at java.awt.EventQueue.dispatchEventImpl(Unknown Source)
	at java.awt.EventQueue.access$200(Unknown Source)
	at java.awt.EventQueue$3.run(Unknown Source)
	at java.awt.EventQueue$3.run(Unknown Source)
	at java.security.AccessController.doPrivileged(Native Method)
	at java.security.ProtectionDomain$1.doIntersectionPrivilege(Unknown Source)
	at java.awt.EventQueue.dispatchEvent(Unknown Source)
	at java.awt.EventDispatchThread.pumpOneEventForFilters(Unknown Source)
	at java.awt.EventDispatchThread.pumpEventsForFilter(Unknown Source)
	at java.awt.EventDispatchThread.pumpEventsForHierarchy(Unknown Source)
	at java.awt.EventDispatchThread.pumpEvents(Unknown Source)
	at java.awt.EventDispatchThread.pumpEvents(Unknown Source)
	at java.awt.EventDispatchThread.run(Unknown Source)
Final da mensagem de erro.
2014-April-16@10:40:27,823 - Erro ao carregar usuário para efetuar logon. Consulte o administrador.
Início da mensagem de erro:
java.lang.Exception: Erro ao carregar conta
	at com.copel.Log.adicionarEJogarExcecao(Log.java:91)
	at com.copel.dao.ProxyDAO.carregar(ProxyDAO.java:75)
	at com.copel.sgd.bo.ContaBO.carregar(ContaBO.java:31)
	at com.copel.sgd.fachada.SGD.carregarUsuario(SGD.java:123)
	at com.copel.sgd.fachada.SGD$1.run(SGD.java:43)
	at java.awt.event.InvocationEvent.dispatch(Unknown Source)
	at java.awt.EventQueue.dispatchEventImpl(Unknown Source)
	at java.awt.EventQueue.access$200(Unknown Source)
	at java.awt.EventQueue$3.run(Unknown Source)
	at java.awt.EventQueue$3.run(Unknown Source)
	at java.security.AccessController.doPrivileged(Native Method)
	at java.security.ProtectionDomain$1.doIntersectionPrivilege(Unknown Source)
	at java.awt.EventQueue.dispatchEvent(Unknown Source)
	at java.awt.EventDispatchThread.pumpOneEventForFilters(Unknown Source)
	at java.awt.EventDispatchThread.pumpEventsForFilter(Unknown Source)
	at java.awt.EventDispatchThread.pumpEventsForHierarchy(Unknown Source)
	at java.awt.EventDispatchThread.pumpEvents(Unknown Source)
	at java.awt.EventDispatchThread.pumpEvents(Unknown Source)
	at java.awt.EventDispatchThread.run(Unknown Source)
Final da mensagem de erro.
2014-April-16@10:41:02,621 - Erro ao carregar conta
Início da mensagem de erro:
java.lang.ClassCastException: com.copel.sgd.dao.ContaDAO cannot be cast to com.copel.Controle
	at com.copel.dao.ControleDAO.lerControle(ControleDAO.java:31)
	at com.copel.dao.ProxyDAO.carregar(ProxyDAO.java:71)
	at com.copel.sgd.bo.ContaBO.carregar(ContaBO.java:31)
	at com.copel.sgd.fachada.SGD.carregarUsuario(SGD.java:123)
	at com.copel.sgd.fachada.SGD$1.run(SGD.java:43)
	at java.awt.event.InvocationEvent.dispatch(Unknown Source)
	at java.awt.EventQueue.dispatchEventImpl(Unknown Source)
	at java.awt.EventQueue.access$200(Unknown Source)
	at java.awt.EventQueue$3.run(Unknown Source)
	at java.awt.EventQueue$3.run(Unknown Source)
	at java.security.AccessController.doPrivileged(Native Method)
	at java.security.ProtectionDomain$1.doIntersectionPrivilege(Unknown Source)
	at java.awt.EventQueue.dispatchEvent(Unknown Source)
	at java.awt.EventDispatchThread.pumpOneEventForFilters(Unknown Source)
	at java.awt.EventDispatchThread.pumpEventsForFilter(Unknown Source)
	at java.awt.EventDispatchThread.pumpEventsForHierarchy(Unknown Source)
	at java.awt.EventDispatchThread.pumpEvents(Unknown Source)
	at java.awt.EventDispatchThread.pumpEvents(Unknown Source)
	at java.awt.EventDispatchThread.run(Unknown Source)
Final da mensagem de erro.
2014-April-16@10:41:07,691 - Erro ao carregar usuário para efetuar logon. Consulte o administrador.
Início da mensagem de erro:
java.lang.Exception: Erro ao carregar conta
	at com.copel.Log.adicionarEJogarExcecao(Log.java:91)
	at com.copel.dao.ProxyDAO.carregar(ProxyDAO.java:75)
	at com.copel.sgd.bo.ContaBO.carregar(ContaBO.java:31)
	at com.copel.sgd.fachada.SGD.carregarUsuario(SGD.java:123)
	at com.copel.sgd.fachada.SGD$1.run(SGD.java:43)
	at java.awt.event.InvocationEvent.dispatch(Unknown Source)
	at java.awt.EventQueue.dispatchEventImpl(Unknown Source)
	at java.awt.EventQueue.access$200(Unknown Source)
	at java.awt.EventQueue$3.run(Unknown Source)
	at java.awt.EventQueue$3.run(Unknown Source)
	at java.security.AccessController.doPrivileged(Native Method)
	at java.security.ProtectionDomain$1.doIntersectionPrivilege(Unknown Source)
	at java.awt.EventQueue.dispatchEvent(Unknown Source)
	at java.awt.EventDispatchThread.pumpOneEventForFilters(Unknown Source)
	at java.awt.EventDispatchThread.pumpEventsForFilter(Unknown Source)
	at java.awt.EventDispatchThread.pumpEventsForHierarchy(Unknown Source)
	at java.awt.EventDispatchThread.pumpEvents(Unknown Source)
	at java.awt.EventDispatchThread.pumpEvents(Unknown Source)
	at java.awt.EventDispatchThread.run(Unknown Source)
Final da mensagem de erro.
2014-April-16@13:26:21,987 - Erro ao carregar mais de um(a) trabalho
Início da mensagem de erro:
java.lang.ClassCastException: com.copel.sgd.Tempo cannot be cast to com.copel.sgd.dao.TempoDAO
	at com.copel.sgd.dao.TrabalhoDAO.lerColunas(TrabalhoDAO.java:105)
	at com.copel.dao.ProxyDAO.lerElementos(ProxyDAO.java:118)
	at com.copel.dao.ProxyDAO.carregarSimilares(ProxyDAO.java:91)
	at com.copel.sgd.bo.TrabalhoBO.carregarSimilares(TrabalhoBO.java:65)
	at com.copel.sgd.fachada.PainelDemandaTrabalho.meusTrabalhos(PainelDemandaTrabalho.java:404)
	at com.copel.sgd.fachada.JanelaPrincipal$2.actionPerformed(JanelaPrincipal.java:151)
	at javax.swing.AbstractButton.fireActionPerformed(Unknown Source)
	at javax.swing.AbstractButton$Handler.actionPerformed(Unknown Source)
	at javax.swing.DefaultButtonModel.fireActionPerformed(Unknown Source)
	at javax.swing.DefaultButtonModel.setPressed(Unknown Source)
	at javax.swing.AbstractButton.doClick(Unknown Source)
	at javax.swing.plaf.basic.BasicMenuItemUI.doClick(Unknown Source)
	at javax.swing.plaf.basic.BasicMenuItemUI$Handler.mouseReleased(Unknown Source)
	at java.awt.Component.processMouseEvent(Unknown Source)
	at javax.swing.JComponent.processMouseEvent(Unknown Source)
	at java.awt.Component.processEvent(Unknown Source)
	at java.awt.Container.processEvent(Unknown Source)
	at java.awt.Component.dispatchEventImpl(Unknown Source)
	at java.awt.Container.dispatchEventImpl(Unknown Source)
	at java.awt.Component.dispatchEvent(Unknown Source)
	at java.awt.LightweightDispatcher.retargetMouseEvent(Unknown Source)
	at java.awt.LightweightDispatcher.processMouseEvent(Unknown Source)
	at java.awt.LightweightDispatcher.dispatchEvent(Unknown Source)
	at java.awt.Container.dispatchEventImpl(Unknown Source)
	at java.awt.Window.dispatchEventImpl(Unknown Source)
	at java.awt.Component.dispatchEvent(Unknown Source)
	at java.awt.EventQueue.dispatchEventImpl(Unknown Source)
	at java.awt.EventQueue.access$200(Unknown Source)
	at java.awt.EventQueue$3.run(Unknown Source)
	at java.awt.EventQueue$3.run(Unknown Source)
	at java.security.AccessController.doPrivileged(Native Method)
	at java.security.ProtectionDomain$1.doIntersectionPrivilege(Unknown Source)
	at java.security.ProtectionDomain$1.doIntersectionPrivilege(Unknown Source)
	at java.awt.EventQueue$4.run(Unknown Source)
	at java.awt.EventQueue$4.run(Unknown Source)
	at java.security.AccessController.doPrivileged(Native Method)
	at java.security.ProtectionDomain$1.doIntersectionPrivilege(Unknown Source)
	at java.awt.EventQueue.dispatchEvent(Unknown Source)
	at java.awt.EventDispatchThread.pumpOneEventForFilters(Unknown Source)
	at java.awt.EventDispatchThread.pumpEventsForFilter(Unknown Source)
	at java.awt.EventDispatchThread.pumpEventsForHierarchy(Unknown Source)
	at java.awt.EventDispatchThread.pumpEvents(Unknown Source)
	at java.awt.EventDispatchThread.pumpEvents(Unknown Source)
	at java.awt.EventDispatchThread.run(Unknown Source)
Final da mensagem de erro.
2014-April-16@14:47:02,278 - Erro ao carregar mais de um(a) trabalho
Início da mensagem de erro:
java.lang.ClassCastException: com.copel.sgd.Tempo cannot be cast to com.copel.sgd.dao.TempoDAO
	at com.copel.sgd.dao.TrabalhoDAO.lerColunas(TrabalhoDAO.java:105)
	at com.copel.dao.BancoDeDados.carregarVarios(BancoDeDados.java:212)
	at com.copel.dao.Proxy.carregarSimilares(Proxy.java:86)
	at com.copel.sgd.bo.TrabalhoBO.carregarSimilares(TrabalhoBO.java:64)
	at com.copel.sgd.fachada.PainelDemandaTrabalho.meusTrabalhos(PainelDemandaTrabalho.java:404)
	at com.copel.sgd.fachada.JanelaPrincipal$2.actionPerformed(JanelaPrincipal.java:151)
	at javax.swing.AbstractButton.fireActionPerformed(Unknown Source)
	at javax.swing.AbstractButton$Handler.actionPerformed(Unknown Source)
	at javax.swing.DefaultButtonModel.fireActionPerformed(Unknown Source)
	at javax.swing.DefaultButtonModel.setPressed(Unknown Source)
	at javax.swing.AbstractButton.doClick(Unknown Source)
	at javax.swing.plaf.basic.BasicMenuItemUI.doClick(Unknown Source)
	at javax.swing.plaf.basic.BasicMenuItemUI$Handler.mouseReleased(Unknown Source)
	at java.awt.Component.processMouseEvent(Unknown Source)
	at javax.swing.JComponent.processMouseEvent(Unknown Source)
	at java.awt.Component.processEvent(Unknown Source)
	at java.awt.Container.processEvent(Unknown Source)
	at java.awt.Component.dispatchEventImpl(Unknown Source)
	at java.awt.Container.dispatchEventImpl(Unknown Source)
	at java.awt.Component.dispatchEvent(Unknown Source)
	at java.awt.LightweightDispatcher.retargetMouseEvent(Unknown Source)
	at java.awt.LightweightDispatcher.processMouseEvent(Unknown Source)
	at java.awt.LightweightDispatcher.dispatchEvent(Unknown Source)
	at java.awt.Container.dispatchEventImpl(Unknown Source)
	at java.awt.Window.dispatchEventImpl(Unknown Source)
	at java.awt.Component.dispatchEvent(Unknown Source)
	at java.awt.EventQueue.dispatchEventImpl(Unknown Source)
	at java.awt.EventQueue.access$200(Unknown Source)
	at java.awt.EventQueue$3.run(Unknown Source)
	at java.awt.EventQueue$3.run(Unknown Source)
	at java.security.AccessController.doPrivileged(Native Method)
	at java.security.ProtectionDomain$1.doIntersectionPrivilege(Unknown Source)
	at java.security.ProtectionDomain$1.doIntersectionPrivilege(Unknown Source)
	at java.awt.EventQueue$4.run(Unknown Source)
	at java.awt.EventQueue$4.run(Unknown Source)
	at java.security.AccessController.doPrivileged(Native Method)
	at java.security.ProtectionDomain$1.doIntersectionPrivilege(Unknown Source)
	at java.awt.EventQueue.dispatchEvent(Unknown Source)
	at java.awt.EventDispatchThread.pumpOneEventForFilters(Unknown Source)
	at java.awt.EventDispatchThread.pumpEventsForFilter(Unknown Source)
	at java.awt.EventDispatchThread.pumpEventsForHierarchy(Unknown Source)
	at java.awt.EventDispatchThread.pumpEvents(Unknown Source)
	at java.awt.EventDispatchThread.pumpEvents(Unknown Source)
	at java.awt.EventDispatchThread.run(Unknown Source)
Final da mensagem de erro.
2014-April-16@14:49:25,656 - Erro ao carregar mais de um(a) trabalho
Início da mensagem de erro:
java.lang.ClassCastException: com.copel.sgd.Tempo cannot be cast to com.copel.sgd.dao.TempoDAO
	at com.copel.sgd.dao.TrabalhoDAO.lerColunas(TrabalhoDAO.java:105)
	at com.copel.dao.BancoDeDados.carregarVarios(BancoDeDados.java:212)
	at com.copel.dao.Proxy.carregarSimilares(Proxy.java:86)
	at com.copel.sgd.bo.TrabalhoBO.carregarSimilares(TrabalhoBO.java:64)
	at com.copel.sgd.fachada.PainelDemandaTrabalho.meusTrabalhos(PainelDemandaTrabalho.java:404)
	at com.copel.sgd.fachada.JanelaPrincipal$2.actionPerformed(JanelaPrincipal.java:151)
	at javax.swing.AbstractButton.fireActionPerformed(Unknown Source)
	at javax.swing.AbstractButton$Handler.actionPerformed(Unknown Source)
	at javax.swing.DefaultButtonModel.fireActionPerformed(Unknown Source)
	at javax.swing.DefaultButtonModel.setPressed(Unknown Source)
	at javax.swing.AbstractButton.doClick(Unknown Source)
	at javax.swing.plaf.basic.BasicMenuItemUI.doClick(Unknown Source)
	at javax.swing.plaf.basic.BasicMenuItemUI$Handler.mouseReleased(Unknown Source)
	at java.awt.Component.processMouseEvent(Unknown Source)
	at javax.swing.JComponent.processMouseEvent(Unknown Source)
	at java.awt.Component.processEvent(Unknown Source)
	at java.awt.Container.processEvent(Unknown Source)
	at java.awt.Component.dispatchEventImpl(Unknown Source)
	at java.awt.Container.dispatchEventImpl(Unknown Source)
	at java.awt.Component.dispatchEvent(Unknown Source)
	at java.awt.LightweightDispatcher.retargetMouseEvent(Unknown Source)
	at java.awt.LightweightDispatcher.processMouseEvent(Unknown Source)
	at java.awt.LightweightDispatcher.dispatchEvent(Unknown Source)
	at java.awt.Container.dispatchEventImpl(Unknown Source)
	at java.awt.Window.dispatchEventImpl(Unknown Source)
	at java.awt.Component.dispatchEvent(Unknown Source)
	at java.awt.EventQueue.dispatchEventImpl(Unknown Source)
	at java.awt.EventQueue.access$200(Unknown Source)
	at java.awt.EventQueue$3.run(Unknown Source)
	at java.awt.EventQueue$3.run(Unknown Source)
	at java.security.AccessController.doPrivileged(Native Method)
	at java.security.ProtectionDomain$1.doIntersectionPrivilege(Unknown Source)
	at java.security.ProtectionDomain$1.doIntersectionPrivilege(Unknown Source)
	at java.awt.EventQueue$4.run(Unknown Source)
	at java.awt.EventQueue$4.run(Unknown Source)
	at java.security.AccessController.doPrivileged(Native Method)
	at java.security.ProtectionDomain$1.doIntersectionPrivilege(Unknown Source)
	at java.awt.EventQueue.dispatchEvent(Unknown Source)
	at java.awt.EventDispatchThread.pumpOneEventForFilters(Unknown Source)
	at java.awt.EventDispatchThread.pumpEventsForFilter(Unknown Source)
	at java.awt.EventDispatchThread.pumpEventsForHierarchy(Unknown Source)
	at java.awt.EventDispatchThread.pumpEvents(Unknown Source)
	at java.awt.EventDispatchThread.pumpEvents(Unknown Source)
	at java.awt.EventDispatchThread.run(Unknown Source)
Final da mensagem de erro.
2014-April-16@15:01:20,906 - Erro ao carregar mais de um(a) trabalho
Início da mensagem de erro:
java.lang.ClassCastException: com.copel.sgd.Tempo cannot be cast to com.copel.sgd.dao.TempoDAO
	at com.copel.sgd.dao.TrabalhoDAO.lerColunas(TrabalhoDAO.java:105)
	at com.copel.dao.BancoDeDados.carregarVarios(BancoDeDados.java:212)
	at com.copel.dao.Proxy.carregarSimilares(Proxy.java:86)
	at com.copel.sgd.bo.TrabalhoBO.carregarSimilares(TrabalhoBO.java:64)
	at com.copel.sgd.fachada.PainelDemandaTrabalho.meusTrabalhos(PainelDemandaTrabalho.java:404)
	at com.copel.sgd.fachada.JanelaPrincipal$2.actionPerformed(JanelaPrincipal.java:151)
	at javax.swing.AbstractButton.fireActionPerformed(Unknown Source)
	at javax.swing.AbstractButton$Handler.actionPerformed(Unknown Source)
	at javax.swing.DefaultButtonModel.fireActionPerformed(Unknown Source)
	at javax.swing.DefaultButtonModel.setPressed(Unknown Source)
	at javax.swing.AbstractButton.doClick(Unknown Source)
	at javax.swing.plaf.basic.BasicMenuItemUI.doClick(Unknown Source)
	at javax.swing.plaf.basic.BasicMenuItemUI$Handler.mouseReleased(Unknown Source)
	at java.awt.Component.processMouseEvent(Unknown Source)
	at javax.swing.JComponent.processMouseEvent(Unknown Source)
	at java.awt.Component.processEvent(Unknown Source)
	at java.awt.Container.processEvent(Unknown Source)
	at java.awt.Component.dispatchEventImpl(Unknown Source)
	at java.awt.Container.dispatchEventImpl(Unknown Source)
	at java.awt.Component.dispatchEvent(Unknown Source)
	at java.awt.LightweightDispatcher.retargetMouseEvent(Unknown Source)
	at java.awt.LightweightDispatcher.processMouseEvent(Unknown Source)
	at java.awt.LightweightDispatcher.dispatchEvent(Unknown Source)
	at java.awt.Container.dispatchEventImpl(Unknown Source)
	at java.awt.Window.dispatchEventImpl(Unknown Source)
	at java.awt.Component.dispatchEvent(Unknown Source)
	at java.awt.EventQueue.dispatchEventImpl(Unknown Source)
	at java.awt.EventQueue.access$200(Unknown Source)
	at java.awt.EventQueue$3.run(Unknown Source)
	at java.awt.EventQueue$3.run(Unknown Source)
	at java.security.AccessController.doPrivileged(Native Method)
	at java.security.ProtectionDomain$1.doIntersectionPrivilege(Unknown Source)
	at java.security.ProtectionDomain$1.doIntersectionPrivilege(Unknown Source)
	at java.awt.EventQueue$4.run(Unknown Source)
	at java.awt.EventQueue$4.run(Unknown Source)
	at java.security.AccessController.doPrivileged(Native Method)
	at java.security.ProtectionDomain$1.doIntersectionPrivilege(Unknown Source)
	at java.awt.EventQueue.dispatchEvent(Unknown Source)
	at java.awt.EventDispatchThread.pumpOneEventForFilters(Unknown Source)
	at java.awt.EventDispatchThread.pumpEventsForFilter(Unknown Source)
	at java.awt.EventDispatchThread.pumpEventsForHierarchy(Unknown Source)
	at java.awt.EventDispatchThread.pumpEvents(Unknown Source)
	at java.awt.EventDispatchThread.pumpEvents(Unknown Source)
	at java.awt.EventDispatchThread.run(Unknown Source)
Final da mensagem de erro.
2014-April-16@15:13:30,475 - Erro ao carregar mais de um(a) trabalho
Início da mensagem de erro:
java.lang.ClassCastException: com.copel.sgd.Tempo cannot be cast to com.copel.sgd.dao.TempoDAO
	at com.copel.sgd.dao.TrabalhoDAO.lerColunas(TrabalhoDAO.java:105)
	at com.copel.dao.BancoDeDados.carregarVarios(BancoDeDados.java:212)
	at com.copel.dao.Proxy.carregarSimilares(Proxy.java:86)
	at com.copel.sgd.bo.TrabalhoBO.carregarSimilares(TrabalhoBO.java:64)
	at com.copel.sgd.fachada.PainelDemandaTrabalho.meusTrabalhos(PainelDemandaTrabalho.java:404)
	at com.copel.sgd.fachada.JanelaPrincipal$2.actionPerformed(JanelaPrincipal.java:151)
	at javax.swing.AbstractButton.fireActionPerformed(Unknown Source)
	at javax.swing.AbstractButton$Handler.actionPerformed(Unknown Source)
	at javax.swing.DefaultButtonModel.fireActionPerformed(Unknown Source)
	at javax.swing.DefaultButtonModel.setPressed(Unknown Source)
	at javax.swing.AbstractButton.doClick(Unknown Source)
	at javax.swing.plaf.basic.BasicMenuItemUI.doClick(Unknown Source)
	at javax.swing.plaf.basic.BasicMenuItemUI$Handler.mouseReleased(Unknown Source)
	at java.awt.Component.processMouseEvent(Unknown Source)
	at javax.swing.JComponent.processMouseEvent(Unknown Source)
	at java.awt.Component.processEvent(Unknown Source)
	at java.awt.Container.processEvent(Unknown Source)
	at java.awt.Component.dispatchEventImpl(Unknown Source)
	at java.awt.Container.dispatchEventImpl(Unknown Source)
	at java.awt.Component.dispatchEvent(Unknown Source)
	at java.awt.LightweightDispatcher.retargetMouseEvent(Unknown Source)
	at java.awt.LightweightDispatcher.processMouseEvent(Unknown Source)
	at java.awt.LightweightDispatcher.dispatchEvent(Unknown Source)
	at java.awt.Container.dispatchEventImpl(Unknown Source)
	at java.awt.Window.dispatchEventImpl(Unknown Source)
	at java.awt.Component.dispatchEvent(Unknown Source)
	at java.awt.EventQueue.dispatchEventImpl(Unknown Source)
	at java.awt.EventQueue.access$200(Unknown Source)
	at java.awt.EventQueue$3.run(Unknown Source)
	at java.awt.EventQueue$3.run(Unknown Source)
	at java.security.AccessController.doPrivileged(Native Method)
	at java.security.ProtectionDomain$1.doIntersectionPrivilege(Unknown Source)
	at java.security.ProtectionDomain$1.doIntersectionPrivilege(Unknown Source)
	at java.awt.EventQueue$4.run(Unknown Source)
	at java.awt.EventQueue$4.run(Unknown Source)
	at java.security.AccessController.doPrivileged(Native Method)
	at java.security.ProtectionDomain$1.doIntersectionPrivilege(Unknown Source)
	at java.awt.EventQueue.dispatchEvent(Unknown Source)
	at java.awt.EventDispatchThread.pumpOneEventForFilters(Unknown Source)
	at java.awt.EventDispatchThread.pumpEventsForFilter(Unknown Source)
	at java.awt.EventDispatchThread.pumpEventsForHierarchy(Unknown Source)
	at java.awt.EventDispatchThread.pumpEvents(Unknown Source)
	at java.awt.EventDispatchThread.pumpEvents(Unknown Source)
	at java.awt.EventDispatchThread.run(Unknown Source)
Final da mensagem de erro.
2014-April-16@15:18:23,277 - Erro ao carregar mais de um(a) trabalho
Início da mensagem de erro:
java.lang.ClassCastException: com.copel.sgd.Tempo cannot be cast to com.copel.sgd.dao.TempoDAO
	at com.copel.sgd.dao.TrabalhoDAO.lerColunas(TrabalhoDAO.java:105)
	at com.copel.dao.BancoDeDados.carregarVarios(BancoDeDados.java:212)
	at com.copel.dao.Proxy.carregarSimilares(Proxy.java:86)
	at com.copel.sgd.bo.TrabalhoBO.carregarSimilares(TrabalhoBO.java:64)
	at com.copel.sgd.fachada.Monitor.run(Monitor.java:27)
	at java.lang.Thread.run(Unknown Source)
Final da mensagem de erro.
2014-April-16@15:18:23,278 - Falha ao acessar o objeto trabalho
Início da mensagem de erro:
java.lang.Exception: Erro ao carregar mais de um(a) trabalho
	at com.copel.Log.adicionarEJogarExcecao(Log.java:91)
	at com.copel.dao.Proxy.carregarSimilares(Proxy.java:90)
	at com.copel.sgd.bo.TrabalhoBO.carregarSimilares(TrabalhoBO.java:64)
	at com.copel.sgd.fachada.Monitor.run(Monitor.java:27)
	at java.lang.Thread.run(Unknown Source)
Final da mensagem de erro.
