2014-March-19@10:18:03,757 - !ERRO! - Operador lógico AND/OR ausente.
Início da mensagem de erro:
java.lang.ArrayIndexOutOfBoundsException: 2
	at com.copel.dao.BancoDeDados.setSql(BancoDeDados.java:67)
	at com.copel.sgd.dao.TrabalhoDAO.carregarSimilares(TrabalhoDAO.java:203)
	at com.copel.dao.ProxyDAO.carregarSimilaresString(ProxyDAO.java:85)
	at com.copel.sgd.bo.TrabalhoBO.carregarSimilares(TrabalhoBO.java:56)
	at com.copel.sgd.fachada.PainelDemandaTrabalho.meusTrabalhos(PainelDemandaTrabalho.java:262)
	at com.copel.sgd.fachada.JanelaPrincipal$1.actionPerformed(JanelaPrincipal.java:159)
	at javax.swing.AbstractButton.fireActionPerformed(Unknown Source)
	at javax.swing.AbstractButton$Handler.actionPerformed(Unknown Source)
	at javax.swing.DefaultButtonModel.fireActionPerformed(Unknown Source)
	at javax.swing.DefaultButtonModel.setPressed(Unknown Source)
	at javax.swing.AbstractButton.doClick(Unknown Source)
	at javax.swing.plaf.basic.BasicMenuItemUI.doClick(Unknown Source)
	at javax.swing.plaf.basic.BasicMenuItemUI$Handler.mouseReleased(Unknown Source)
	at java.awt.Component.processMouseEvent(Unknown Source)
	at javax.swing.JComponent.processMouseEvent(Unknown Source)
	at java.awt.Component.processEvent(Unknown Source)
	at java.awt.Container.processEvent(Unknown Source)
	at java.awt.Component.dispatchEventImpl(Unknown Source)
	at java.awt.Container.dispatchEventImpl(Unknown Source)
	at java.awt.Component.dispatchEvent(Unknown Source)
	at java.awt.LightweightDispatcher.retargetMouseEvent(Unknown Source)
	at java.awt.LightweightDispatcher.processMouseEvent(Unknown Source)
	at java.awt.LightweightDispatcher.dispatchEvent(Unknown Source)
	at java.awt.Container.dispatchEventImpl(Unknown Source)
	at java.awt.Window.dispatchEventImpl(Unknown Source)
	at java.awt.Component.dispatchEvent(Unknown Source)
	at java.awt.EventQueue.dispatchEventImpl(Unknown Source)
	at java.awt.EventQueue.access$200(Unknown Source)
	at java.awt.EventQueue$3.run(Unknown Source)
	at java.awt.EventQueue$3.run(Unknown Source)
	at java.security.AccessController.doPrivileged(Native Method)
	at java.security.ProtectionDomain$1.doIntersectionPrivilege(Unknown Source)
	at java.security.ProtectionDomain$1.doIntersectionPrivilege(Unknown Source)
	at java.awt.EventQueue$4.run(Unknown Source)
	at java.awt.EventQueue$4.run(Unknown Source)
	at java.security.AccessController.doPrivileged(Native Method)
	at java.security.ProtectionDomain$1.doIntersectionPrivilege(Unknown Source)
	at java.awt.EventQueue.dispatchEvent(Unknown Source)
	at java.awt.EventDispatchThread.pumpOneEventForFilters(Unknown Source)
	at java.awt.EventDispatchThread.pumpEventsForFilter(Unknown Source)
	at java.awt.EventDispatchThread.pumpEventsForHierarchy(Unknown Source)
	at java.awt.EventDispatchThread.pumpEvents(Unknown Source)
	at java.awt.EventDispatchThread.pumpEvents(Unknown Source)
	at java.awt.EventDispatchThread.run(Unknown Source)
Final da mensagem de erro.
2014-March-19@16:12:30,826 - Erro ao carregar mais de um(a) trabalho
Início da mensagem de erro:
java.sql.SQLException: [SQLITE_ERROR] SQL error or missing database (ambiguous column name: ID)
	at org.sqlite.DB.newSQLException(DB.java:383)
	at org.sqlite.DB.newSQLException(DB.java:387)
	at org.sqlite.DB.throwex(DB.java:374)
	at org.sqlite.NativeDB.prepare(Native Method)
	at org.sqlite.DB.prepare(DB.java:123)
	at org.sqlite.PrepStmt.<init>(PrepStmt.java:42)
	at org.sqlite.Conn.prepareStatement(Conn.java:404)
	at org.sqlite.Conn.prepareStatement(Conn.java:399)
	at org.sqlite.Conn.prepareStatement(Conn.java:383)
	at com.copel.dao.BancoDeDados.setSql(BancoDeDados.java:77)
	at com.copel.sgd.dao.TrabalhoDAO.carregarSimilares(TrabalhoDAO.java:205)
	at com.copel.dao.ProxyDAO.carregarSimilares(ProxyDAO.java:86)
	at com.copel.sgd.bo.TrabalhoBO.carregarSimilares(TrabalhoBO.java:64)
	at com.copel.sgd.fachada.PainelDemandaTrabalho.meusTrabalhos(PainelDemandaTrabalho.java:282)
	at com.copel.sgd.fachada.JanelaPrincipal$1.actionPerformed(JanelaPrincipal.java:159)
	at javax.swing.AbstractButton.fireActionPerformed(Unknown Source)
	at javax.swing.AbstractButton$Handler.actionPerformed(Unknown Source)
	at javax.swing.DefaultButtonModel.fireActionPerformed(Unknown Source)
	at javax.swing.DefaultButtonModel.setPressed(Unknown Source)
	at javax.swing.AbstractButton.doClick(Unknown Source)
	at javax.swing.plaf.basic.BasicMenuItemUI.doClick(Unknown Source)
	at javax.swing.plaf.basic.BasicMenuItemUI$Handler.mouseReleased(Unknown Source)
	at java.awt.Component.processMouseEvent(Unknown Source)
	at javax.swing.JComponent.processMouseEvent(Unknown Source)
	at java.awt.Component.processEvent(Unknown Source)
	at java.awt.Container.processEvent(Unknown Source)
	at java.awt.Component.dispatchEventImpl(Unknown Source)
	at java.awt.Container.dispatchEventImpl(Unknown Source)
	at java.awt.Component.dispatchEvent(Unknown Source)
	at java.awt.LightweightDispatcher.retargetMouseEvent(Unknown Source)
	at java.awt.LightweightDispatcher.processMouseEvent(Unknown Source)
	at java.awt.LightweightDispatcher.dispatchEvent(Unknown Source)
	at java.awt.Container.dispatchEventImpl(Unknown Source)
	at java.awt.Window.dispatchEventImpl(Unknown Source)
	at java.awt.Component.dispatchEvent(Unknown Source)
	at java.awt.EventQueue.dispatchEventImpl(Unknown Source)
	at java.awt.EventQueue.access$200(Unknown Source)
	at java.awt.EventQueue$3.run(Unknown Source)
	at java.awt.EventQueue$3.run(Unknown Source)
	at java.security.AccessController.doPrivileged(Native Method)
	at java.security.ProtectionDomain$1.doIntersectionPrivilege(Unknown Source)
	at java.security.ProtectionDomain$1.doIntersectionPrivilege(Unknown Source)
	at java.awt.EventQueue$4.run(Unknown Source)
	at java.awt.EventQueue$4.run(Unknown Source)
	at java.security.AccessController.doPrivileged(Native Method)
	at java.security.ProtectionDomain$1.doIntersectionPrivilege(Unknown Source)
	at java.awt.EventQueue.dispatchEvent(Unknown Source)
	at java.awt.EventDispatchThread.pumpOneEventForFilters(Unknown Source)
	at java.awt.EventDispatchThread.pumpEventsForFilter(Unknown Source)
	at java.awt.EventDispatchThread.pumpEventsForHierarchy(Unknown Source)
	at java.awt.EventDispatchThread.pumpEvents(Unknown Source)
	at java.awt.EventDispatchThread.pumpEvents(Unknown Source)
	at java.awt.EventDispatchThread.run(Unknown Source)
Final da mensagem de erro.
2014-March-19@16:13:39,553 - Erro ao carregar mais de um(a) trabalho
Início da mensagem de erro:
java.sql.SQLException: [SQLITE_ERROR] SQL error or missing database (ambiguous column name: ID)
	at org.sqlite.DB.newSQLException(DB.java:383)
	at org.sqlite.DB.newSQLException(DB.java:387)
	at org.sqlite.DB.throwex(DB.java:374)
	at org.sqlite.NativeDB.prepare(Native Method)
	at org.sqlite.DB.prepare(DB.java:123)
	at org.sqlite.PrepStmt.<init>(PrepStmt.java:42)
	at org.sqlite.Conn.prepareStatement(Conn.java:404)
	at org.sqlite.Conn.prepareStatement(Conn.java:399)
	at org.sqlite.Conn.prepareStatement(Conn.java:383)
	at com.copel.dao.BancoDeDados.setSql(BancoDeDados.java:77)
	at com.copel.sgd.dao.TrabalhoDAO.carregarSimilares(TrabalhoDAO.java:205)
	at com.copel.dao.ProxyDAO.carregarSimilares(ProxyDAO.java:86)
	at com.copel.sgd.bo.TrabalhoBO.carregarSimilares(TrabalhoBO.java:64)
	at com.copel.sgd.fachada.PainelDemandaTrabalho.meusTrabalhos(PainelDemandaTrabalho.java:282)
	at com.copel.sgd.fachada.JanelaPrincipal$1.actionPerformed(JanelaPrincipal.java:159)
	at javax.swing.AbstractButton.fireActionPerformed(Unknown Source)
	at javax.swing.AbstractButton$Handler.actionPerformed(Unknown Source)
	at javax.swing.DefaultButtonModel.fireActionPerformed(Unknown Source)
	at javax.swing.DefaultButtonModel.setPressed(Unknown Source)
	at javax.swing.AbstractButton.doClick(Unknown Source)
	at javax.swing.plaf.basic.BasicMenuItemUI.doClick(Unknown Source)
	at javax.swing.plaf.basic.BasicMenuItemUI$Handler.mouseReleased(Unknown Source)
	at java.awt.Component.processMouseEvent(Unknown Source)
	at javax.swing.JComponent.processMouseEvent(Unknown Source)
	at java.awt.Component.processEvent(Unknown Source)
	at java.awt.Container.processEvent(Unknown Source)
	at java.awt.Component.dispatchEventImpl(Unknown Source)
	at java.awt.Container.dispatchEventImpl(Unknown Source)
	at java.awt.Component.dispatchEvent(Unknown Source)
	at java.awt.LightweightDispatcher.retargetMouseEvent(Unknown Source)
	at java.awt.LightweightDispatcher.processMouseEvent(Unknown Source)
	at java.awt.LightweightDispatcher.dispatchEvent(Unknown Source)
	at java.awt.Container.dispatchEventImpl(Unknown Source)
	at java.awt.Window.dispatchEventImpl(Unknown Source)
	at java.awt.Component.dispatchEvent(Unknown Source)
	at java.awt.EventQueue.dispatchEventImpl(Unknown Source)
	at java.awt.EventQueue.access$200(Unknown Source)
	at java.awt.EventQueue$3.run(Unknown Source)
	at java.awt.EventQueue$3.run(Unknown Source)
	at java.security.AccessController.doPrivileged(Native Method)
	at java.security.ProtectionDomain$1.doIntersectionPrivilege(Unknown Source)
	at java.security.ProtectionDomain$1.doIntersectionPrivilege(Unknown Source)
	at java.awt.EventQueue$4.run(Unknown Source)
	at java.awt.EventQueue$4.run(Unknown Source)
	at java.security.AccessController.doPrivileged(Native Method)
	at java.security.ProtectionDomain$1.doIntersectionPrivilege(Unknown Source)
	at java.awt.EventQueue.dispatchEvent(Unknown Source)
	at java.awt.EventDispatchThread.pumpOneEventForFilters(Unknown Source)
	at java.awt.EventDispatchThread.pumpEventsForFilter(Unknown Source)
	at java.awt.EventDispatchThread.pumpEventsForHierarchy(Unknown Source)
	at java.awt.EventDispatchThread.pumpEvents(Unknown Source)
	at java.awt.EventDispatchThread.pumpEvents(Unknown Source)
	at java.awt.EventDispatchThread.run(Unknown Source)
Final da mensagem de erro.
2014-March-19@16:14:12,408 - Erro ao carregar mais de um(a) trabalho
Início da mensagem de erro:
java.sql.SQLException: [SQLITE_ERROR] SQL error or missing database (ambiguous column name: CRIADOR)
	at org.sqlite.DB.newSQLException(DB.java:383)
	at org.sqlite.DB.newSQLException(DB.java:387)
	at org.sqlite.DB.throwex(DB.java:374)
	at org.sqlite.NativeDB.prepare(Native Method)
	at org.sqlite.DB.prepare(DB.java:123)
	at org.sqlite.PrepStmt.<init>(PrepStmt.java:42)
	at org.sqlite.Conn.prepareStatement(Conn.java:404)
	at org.sqlite.Conn.prepareStatement(Conn.java:399)
	at org.sqlite.Conn.prepareStatement(Conn.java:383)
	at com.copel.dao.BancoDeDados.setSql(BancoDeDados.java:77)
	at com.copel.sgd.dao.TrabalhoDAO.carregarSimilares(TrabalhoDAO.java:205)
	at com.copel.dao.ProxyDAO.carregarSimilares(ProxyDAO.java:86)
	at com.copel.sgd.bo.TrabalhoBO.carregarSimilares(TrabalhoBO.java:64)
	at com.copel.sgd.fachada.PainelDemandaTrabalho.meusTrabalhos(PainelDemandaTrabalho.java:282)
	at com.copel.sgd.fachada.JanelaPrincipal$1.actionPerformed(JanelaPrincipal.java:159)
	at javax.swing.AbstractButton.fireActionPerformed(Unknown Source)
	at javax.swing.AbstractButton$Handler.actionPerformed(Unknown Source)
	at javax.swing.DefaultButtonModel.fireActionPerformed(Unknown Source)
	at javax.swing.DefaultButtonModel.setPressed(Unknown Source)
	at javax.swing.AbstractButton.doClick(Unknown Source)
	at javax.swing.plaf.basic.BasicMenuItemUI.doClick(Unknown Source)
	at javax.swing.plaf.basic.BasicMenuItemUI$Handler.mouseReleased(Unknown Source)
	at java.awt.Component.processMouseEvent(Unknown Source)
	at javax.swing.JComponent.processMouseEvent(Unknown Source)
	at java.awt.Component.processEvent(Unknown Source)
	at java.awt.Container.processEvent(Unknown Source)
	at java.awt.Component.dispatchEventImpl(Unknown Source)
	at java.awt.Container.dispatchEventImpl(Unknown Source)
	at java.awt.Component.dispatchEvent(Unknown Source)
	at java.awt.LightweightDispatcher.retargetMouseEvent(Unknown Source)
	at java.awt.LightweightDispatcher.processMouseEvent(Unknown Source)
	at java.awt.LightweightDispatcher.dispatchEvent(Unknown Source)
	at java.awt.Container.dispatchEventImpl(Unknown Source)
	at java.awt.Window.dispatchEventImpl(Unknown Source)
	at java.awt.Component.dispatchEvent(Unknown Source)
	at java.awt.EventQueue.dispatchEventImpl(Unknown Source)
	at java.awt.EventQueue.access$200(Unknown Source)
	at java.awt.EventQueue$3.run(Unknown Source)
	at java.awt.EventQueue$3.run(Unknown Source)
	at java.security.AccessController.doPrivileged(Native Method)
	at java.security.ProtectionDomain$1.doIntersectionPrivilege(Unknown Source)
	at java.security.ProtectionDomain$1.doIntersectionPrivilege(Unknown Source)
	at java.awt.EventQueue$4.run(Unknown Source)
	at java.awt.EventQueue$4.run(Unknown Source)
	at java.security.AccessController.doPrivileged(Native Method)
	at java.security.ProtectionDomain$1.doIntersectionPrivilege(Unknown Source)
	at java.awt.EventQueue.dispatchEvent(Unknown Source)
	at java.awt.EventDispatchThread.pumpOneEventForFilters(Unknown Source)
	at java.awt.EventDispatchThread.pumpEventsForFilter(Unknown Source)
	at java.awt.EventDispatchThread.pumpEventsForHierarchy(Unknown Source)
	at java.awt.EventDispatchThread.pumpEvents(Unknown Source)
	at java.awt.EventDispatchThread.pumpEvents(Unknown Source)
	at java.awt.EventDispatchThread.run(Unknown Source)
Final da mensagem de erro.
2014-March-19@16:37:05,768 - Erro ao carregar mais de um(a) trabalho
Início da mensagem de erro:
java.sql.SQLException: [SQLITE_ERROR] SQL error or missing database (ambiguous column name: CRIADOR)
	at org.sqlite.DB.newSQLException(DB.java:383)
	at org.sqlite.DB.newSQLException(DB.java:387)
	at org.sqlite.DB.throwex(DB.java:374)
	at org.sqlite.NativeDB.prepare(Native Method)
	at org.sqlite.DB.prepare(DB.java:123)
	at org.sqlite.PrepStmt.<init>(PrepStmt.java:42)
	at org.sqlite.Conn.prepareStatement(Conn.java:404)
	at org.sqlite.Conn.prepareStatement(Conn.java:399)
	at org.sqlite.Conn.prepareStatement(Conn.java:383)
	at com.copel.dao.BancoDeDados.setSql(BancoDeDados.java:77)
	at com.copel.sgd.dao.TrabalhoDAO.carregarSimilares(TrabalhoDAO.java:213)
	at com.copel.dao.ProxyDAO.carregarSimilares(ProxyDAO.java:86)
	at com.copel.sgd.bo.TrabalhoBO.carregarSimilares(TrabalhoBO.java:64)
	at com.copel.sgd.fachada.PainelDemandaTrabalho.trabalhosDelegados(PainelDemandaTrabalho.java:312)
	at com.copel.sgd.fachada.JanelaPrincipal$3.actionPerformed(JanelaPrincipal.java:175)
	at javax.swing.AbstractButton.fireActionPerformed(Unknown Source)
	at javax.swing.AbstractButton$Handler.actionPerformed(Unknown Source)
	at javax.swing.DefaultButtonModel.fireActionPerformed(Unknown Source)
	at javax.swing.DefaultButtonModel.setPressed(Unknown Source)
	at javax.swing.AbstractButton.doClick(Unknown Source)
	at javax.swing.plaf.basic.BasicMenuItemUI.doClick(Unknown Source)
	at javax.swing.plaf.basic.BasicMenuItemUI$Handler.mouseReleased(Unknown Source)
	at java.awt.Component.processMouseEvent(Unknown Source)
	at javax.swing.JComponent.processMouseEvent(Unknown Source)
	at java.awt.Component.processEvent(Unknown Source)
	at java.awt.Container.processEvent(Unknown Source)
	at java.awt.Component.dispatchEventImpl(Unknown Source)
	at java.awt.Container.dispatchEventImpl(Unknown Source)
	at java.awt.Component.dispatchEvent(Unknown Source)
	at java.awt.LightweightDispatcher.retargetMouseEvent(Unknown Source)
	at java.awt.LightweightDispatcher.processMouseEvent(Unknown Source)
	at java.awt.LightweightDispatcher.dispatchEvent(Unknown Source)
	at java.awt.Container.dispatchEventImpl(Unknown Source)
	at java.awt.Window.dispatchEventImpl(Unknown Source)
	at java.awt.Component.dispatchEvent(Unknown Source)
	at java.awt.EventQueue.dispatchEventImpl(Unknown Source)
	at java.awt.EventQueue.access$200(Unknown Source)
	at java.awt.EventQueue$3.run(Unknown Source)
	at java.awt.EventQueue$3.run(Unknown Source)
	at java.security.AccessController.doPrivileged(Native Method)
	at java.security.ProtectionDomain$1.doIntersectionPrivilege(Unknown Source)
	at java.security.ProtectionDomain$1.doIntersectionPrivilege(Unknown Source)
	at java.awt.EventQueue$4.run(Unknown Source)
	at java.awt.EventQueue$4.run(Unknown Source)
	at java.security.AccessController.doPrivileged(Native Method)
	at java.security.ProtectionDomain$1.doIntersectionPrivilege(Unknown Source)
	at java.awt.EventQueue.dispatchEvent(Unknown Source)
	at java.awt.EventDispatchThread.pumpOneEventForFilters(Unknown Source)
	at java.awt.EventDispatchThread.pumpEventsForFilter(Unknown Source)
	at java.awt.EventDispatchThread.pumpEventsForHierarchy(Unknown Source)
	at java.awt.EventDispatchThread.pumpEvents(Unknown Source)
	at java.awt.EventDispatchThread.pumpEvents(Unknown Source)
	at java.awt.EventDispatchThread.run(Unknown Source)
Final da mensagem de erro.
2014-March-19@16:38:33,232 - Erro ao carregar mais de um(a) trabalho
Início da mensagem de erro:
java.sql.SQLException: [SQLITE_ERROR] SQL error or missing database (ambiguous column name: CRIADOR)
	at org.sqlite.DB.newSQLException(DB.java:383)
	at org.sqlite.DB.newSQLException(DB.java:387)
	at org.sqlite.DB.throwex(DB.java:374)
	at org.sqlite.NativeDB.prepare(Native Method)
	at org.sqlite.DB.prepare(DB.java:123)
	at org.sqlite.PrepStmt.<init>(PrepStmt.java:42)
	at org.sqlite.Conn.prepareStatement(Conn.java:404)
	at org.sqlite.Conn.prepareStatement(Conn.java:399)
	at org.sqlite.Conn.prepareStatement(Conn.java:383)
	at com.copel.dao.BancoDeDados.setSql(BancoDeDados.java:77)
	at com.copel.sgd.dao.TrabalhoDAO.carregarSimilares(TrabalhoDAO.java:213)
	at com.copel.dao.ProxyDAO.carregarSimilares(ProxyDAO.java:86)
	at com.copel.sgd.bo.TrabalhoBO.carregarSimilares(TrabalhoBO.java:64)
	at com.copel.sgd.fachada.PainelDemandaTrabalho.trabalhosDelegados(PainelDemandaTrabalho.java:312)
	at com.copel.sgd.fachada.JanelaPrincipal$3.actionPerformed(JanelaPrincipal.java:175)
	at javax.swing.AbstractButton.fireActionPerformed(Unknown Source)
	at javax.swing.AbstractButton$Handler.actionPerformed(Unknown Source)
	at javax.swing.DefaultButtonModel.fireActionPerformed(Unknown Source)
	at javax.swing.DefaultButtonModel.setPressed(Unknown Source)
	at javax.swing.AbstractButton.doClick(Unknown Source)
	at javax.swing.plaf.basic.BasicMenuItemUI.doClick(Unknown Source)
	at javax.swing.plaf.basic.BasicMenuItemUI$Handler.mouseReleased(Unknown Source)
	at java.awt.Component.processMouseEvent(Unknown Source)
	at javax.swing.JComponent.processMouseEvent(Unknown Source)
	at java.awt.Component.processEvent(Unknown Source)
	at java.awt.Container.processEvent(Unknown Source)
	at java.awt.Component.dispatchEventImpl(Unknown Source)
	at java.awt.Container.dispatchEventImpl(Unknown Source)
	at java.awt.Component.dispatchEvent(Unknown Source)
	at java.awt.LightweightDispatcher.retargetMouseEvent(Unknown Source)
	at java.awt.LightweightDispatcher.processMouseEvent(Unknown Source)
	at java.awt.LightweightDispatcher.dispatchEvent(Unknown Source)
	at java.awt.Container.dispatchEventImpl(Unknown Source)
	at java.awt.Window.dispatchEventImpl(Unknown Source)
	at java.awt.Component.dispatchEvent(Unknown Source)
	at java.awt.EventQueue.dispatchEventImpl(Unknown Source)
	at java.awt.EventQueue.access$200(Unknown Source)
	at java.awt.EventQueue$3.run(Unknown Source)
	at java.awt.EventQueue$3.run(Unknown Source)
	at java.security.AccessController.doPrivileged(Native Method)
	at java.security.ProtectionDomain$1.doIntersectionPrivilege(Unknown Source)
	at java.security.ProtectionDomain$1.doIntersectionPrivilege(Unknown Source)
	at java.awt.EventQueue$4.run(Unknown Source)
	at java.awt.EventQueue$4.run(Unknown Source)
	at java.security.AccessController.doPrivileged(Native Method)
	at java.security.ProtectionDomain$1.doIntersectionPrivilege(Unknown Source)
	at java.awt.EventQueue.dispatchEvent(Unknown Source)
	at java.awt.EventDispatchThread.pumpOneEventForFilters(Unknown Source)
	at java.awt.EventDispatchThread.pumpEventsForFilter(Unknown Source)
	at java.awt.EventDispatchThread.pumpEventsForHierarchy(Unknown Source)
	at java.awt.EventDispatchThread.pumpEvents(Unknown Source)
	at java.awt.EventDispatchThread.pumpEvents(Unknown Source)
	at java.awt.EventDispatchThread.run(Unknown Source)
Final da mensagem de erro.
2014-March-19@17:19:30,937 - Falha na execução do comando:org.sqlite.PrepStmt@5ea2f68b. Comando NÃO executado.
2014-March-19@17:19:30,937 - Ação não executada, valores inconsistentes: [SQLITE_CONSTRAINT]  Abort due to constraint violation (foreign key constraint failed)
Início da mensagem de erro:
java.sql.SQLException: [SQLITE_CONSTRAINT]  Abort due to constraint violation (foreign key constraint failed)
	at org.sqlite.DB.newSQLException(DB.java:383)
	at org.sqlite.DB.newSQLException(DB.java:387)
	at org.sqlite.DB.execute(DB.java:342)
	at org.sqlite.PrepStmt.execute(PrepStmt.java:65)
	at com.copel.dao.BancoDeDados.executar(BancoDeDados.java:126)
	at com.copel.sgd.dao.DemandaDAO.remover(DemandaDAO.java:128)
	at com.copel.dao.ProxyDAO.remover(ProxyDAO.java:69)
	at com.copel.sgd.bo.DemandaBO.remover(DemandaBO.java:56)
	at com.copel.sgd.fachada.PainelCadastroDemanda$6.actionPerformed(PainelCadastroDemanda.java:366)
	at javax.swing.AbstractButton.fireActionPerformed(Unknown Source)
	at javax.swing.AbstractButton$Handler.actionPerformed(Unknown Source)
	at javax.swing.DefaultButtonModel.fireActionPerformed(Unknown Source)
	at javax.swing.DefaultButtonModel.setPressed(Unknown Source)
	at javax.swing.plaf.basic.BasicButtonListener.mouseReleased(Unknown Source)
	at java.awt.Component.processMouseEvent(Unknown Source)
	at javax.swing.JComponent.processMouseEvent(Unknown Source)
	at java.awt.Component.processEvent(Unknown Source)
	at java.awt.Container.processEvent(Unknown Source)
	at java.awt.Component.dispatchEventImpl(Unknown Source)
	at java.awt.Container.dispatchEventImpl(Unknown Source)
	at java.awt.Component.dispatchEvent(Unknown Source)
	at java.awt.LightweightDispatcher.retargetMouseEvent(Unknown Source)
	at java.awt.LightweightDispatcher.processMouseEvent(Unknown Source)
	at java.awt.LightweightDispatcher.dispatchEvent(Unknown Source)
	at java.awt.Container.dispatchEventImpl(Unknown Source)
	at java.awt.Window.dispatchEventImpl(Unknown Source)
	at java.awt.Component.dispatchEvent(Unknown Source)
	at java.awt.EventQueue.dispatchEventImpl(Unknown Source)
	at java.awt.EventQueue.access$200(Unknown Source)
	at java.awt.EventQueue$3.run(Unknown Source)
	at java.awt.EventQueue$3.run(Unknown Source)
	at java.security.AccessController.doPrivileged(Native Method)
	at java.security.ProtectionDomain$1.doIntersectionPrivilege(Unknown Source)
	at java.security.ProtectionDomain$1.doIntersectionPrivilege(Unknown Source)
	at java.awt.EventQueue$4.run(Unknown Source)
	at java.awt.EventQueue$4.run(Unknown Source)
	at java.security.AccessController.doPrivileged(Native Method)
	at java.security.ProtectionDomain$1.doIntersectionPrivilege(Unknown Source)
	at java.awt.EventQueue.dispatchEvent(Unknown Source)
	at java.awt.EventDispatchThread.pumpOneEventForFilters(Unknown Source)
	at java.awt.EventDispatchThread.pumpEventsForFilter(Unknown Source)
	at java.awt.EventDispatchThread.pumpEventsForHierarchy(Unknown Source)
	at java.awt.EventDispatchThread.pumpEvents(Unknown Source)
	at java.awt.EventDispatchThread.pumpEvents(Unknown Source)
	at java.awt.EventDispatchThread.run(Unknown Source)
Final da mensagem de erro.
2014-March-19@17:19:52,017 - Erro ao carregar trabalho
Início da mensagem de erro:
java.sql.SQLException: [SQLITE_ERROR] SQL error or missing database (ambiguous column name: ID)
	at org.sqlite.DB.newSQLException(DB.java:383)
	at org.sqlite.DB.newSQLException(DB.java:387)
	at org.sqlite.DB.throwex(DB.java:374)
	at org.sqlite.NativeDB.prepare(Native Method)
	at org.sqlite.DB.prepare(DB.java:123)
	at org.sqlite.PrepStmt.<init>(PrepStmt.java:42)
	at org.sqlite.Conn.prepareStatement(Conn.java:404)
	at org.sqlite.Conn.prepareStatement(Conn.java:399)
	at org.sqlite.Conn.prepareStatement(Conn.java:383)
	at com.copel.dao.BancoDeDados.setSql(BancoDeDados.java:77)
	at com.copel.sgd.dao.TrabalhoDAO.carregar(TrabalhoDAO.java:165)
	at com.copel.dao.ProxyDAO.carregar(ProxyDAO.java:31)
	at com.copel.sgd.bo.TrabalhoBO.carregar(TrabalhoBO.java:30)
	at com.copel.sgd.fachada.PainelDemandaTrabalho$1$3.actionPerformed(PainelDemandaTrabalho.java:176)
	at javax.swing.AbstractButton.fireActionPerformed(Unknown Source)
	at javax.swing.AbstractButton$Handler.actionPerformed(Unknown Source)
	at javax.swing.DefaultButtonModel.fireActionPerformed(Unknown Source)
	at javax.swing.DefaultButtonModel.setPressed(Unknown Source)
	at javax.swing.AbstractButton.doClick(Unknown Source)
	at javax.swing.plaf.basic.BasicMenuItemUI.doClick(Unknown Source)
	at javax.swing.plaf.basic.BasicMenuItemUI$Handler.mouseReleased(Unknown Source)
	at java.awt.Component.processMouseEvent(Unknown Source)
	at javax.swing.JComponent.processMouseEvent(Unknown Source)
	at java.awt.Component.processEvent(Unknown Source)
	at java.awt.Container.processEvent(Unknown Source)
	at java.awt.Component.dispatchEventImpl(Unknown Source)
	at java.awt.Container.dispatchEventImpl(Unknown Source)
	at java.awt.Component.dispatchEvent(Unknown Source)
	at java.awt.LightweightDispatcher.retargetMouseEvent(Unknown Source)
	at java.awt.LightweightDispatcher.processMouseEvent(Unknown Source)
	at java.awt.LightweightDispatcher.dispatchEvent(Unknown Source)
	at java.awt.Container.dispatchEventImpl(Unknown Source)
	at java.awt.Window.dispatchEventImpl(Unknown Source)
	at java.awt.Component.dispatchEvent(Unknown Source)
	at java.awt.EventQueue.dispatchEventImpl(Unknown Source)
	at java.awt.EventQueue.access$200(Unknown Source)
	at java.awt.EventQueue$3.run(Unknown Source)
	at java.awt.EventQueue$3.run(Unknown Source)
	at java.security.AccessController.doPrivileged(Native Method)
	at java.security.ProtectionDomain$1.doIntersectionPrivilege(Unknown Source)
	at java.security.ProtectionDomain$1.doIntersectionPrivilege(Unknown Source)
	at java.awt.EventQueue$4.run(Unknown Source)
	at java.awt.EventQueue$4.run(Unknown Source)
	at java.security.AccessController.doPrivileged(Native Method)
	at java.security.ProtectionDomain$1.doIntersectionPrivilege(Unknown Source)
	at java.awt.EventQueue.dispatchEvent(Unknown Source)
	at java.awt.EventDispatchThread.pumpOneEventForFilters(Unknown Source)
	at java.awt.EventDispatchThread.pumpEventsForFilter(Unknown Source)
	at java.awt.EventDispatchThread.pumpEventsForHierarchy(Unknown Source)
	at java.awt.EventDispatchThread.pumpEvents(Unknown Source)
	at java.awt.EventDispatchThread.pumpEvents(Unknown Source)
	at java.awt.EventDispatchThread.run(Unknown Source)
Final da mensagem de erro.
2014-March-19@17:20:53,111 - Erro ao carregar trabalho
Início da mensagem de erro:
java.sql.SQLException: [SQLITE_ERROR] SQL error or missing database (ambiguous column name: ID)
	at org.sqlite.DB.newSQLException(DB.java:383)
	at org.sqlite.DB.newSQLException(DB.java:387)
	at org.sqlite.DB.throwex(DB.java:374)
	at org.sqlite.NativeDB.prepare(Native Method)
	at org.sqlite.DB.prepare(DB.java:123)
	at org.sqlite.PrepStmt.<init>(PrepStmt.java:42)
	at org.sqlite.Conn.prepareStatement(Conn.java:404)
	at org.sqlite.Conn.prepareStatement(Conn.java:399)
	at org.sqlite.Conn.prepareStatement(Conn.java:383)
	at com.copel.dao.BancoDeDados.setSql(BancoDeDados.java:77)
	at com.copel.sgd.dao.TrabalhoDAO.carregar(TrabalhoDAO.java:165)
	at com.copel.dao.ProxyDAO.carregar(ProxyDAO.java:31)
	at com.copel.sgd.bo.TrabalhoBO.carregar(TrabalhoBO.java:30)
	at com.copel.sgd.fachada.PainelDemandaTrabalho$1$3.actionPerformed(PainelDemandaTrabalho.java:176)
	at javax.swing.AbstractButton.fireActionPerformed(Unknown Source)
	at javax.swing.AbstractButton$Handler.actionPerformed(Unknown Source)
	at javax.swing.DefaultButtonModel.fireActionPerformed(Unknown Source)
	at javax.swing.DefaultButtonModel.setPressed(Unknown Source)
	at javax.swing.AbstractButton.doClick(Unknown Source)
	at javax.swing.plaf.basic.BasicMenuItemUI.doClick(Unknown Source)
	at javax.swing.plaf.basic.BasicMenuItemUI$Handler.mouseReleased(Unknown Source)
	at java.awt.Component.processMouseEvent(Unknown Source)
	at javax.swing.JComponent.processMouseEvent(Unknown Source)
	at java.awt.Component.processEvent(Unknown Source)
	at java.awt.Container.processEvent(Unknown Source)
	at java.awt.Component.dispatchEventImpl(Unknown Source)
	at java.awt.Container.dispatchEventImpl(Unknown Source)
	at java.awt.Component.dispatchEvent(Unknown Source)
	at java.awt.LightweightDispatcher.retargetMouseEvent(Unknown Source)
	at java.awt.LightweightDispatcher.processMouseEvent(Unknown Source)
	at java.awt.LightweightDispatcher.dispatchEvent(Unknown Source)
	at java.awt.Container.dispatchEventImpl(Unknown Source)
	at java.awt.Window.dispatchEventImpl(Unknown Source)
	at java.awt.Component.dispatchEvent(Unknown Source)
	at java.awt.EventQueue.dispatchEventImpl(Unknown Source)
	at java.awt.EventQueue.access$200(Unknown Source)
	at java.awt.EventQueue$3.run(Unknown Source)
	at java.awt.EventQueue$3.run(Unknown Source)
	at java.security.AccessController.doPrivileged(Native Method)
	at java.security.ProtectionDomain$1.doIntersectionPrivilege(Unknown Source)
	at java.security.ProtectionDomain$1.doIntersectionPrivilege(Unknown Source)
	at java.awt.EventQueue$4.run(Unknown Source)
	at java.awt.EventQueue$4.run(Unknown Source)
	at java.security.AccessController.doPrivileged(Native Method)
	at java.security.ProtectionDomain$1.doIntersectionPrivilege(Unknown Source)
	at java.awt.EventQueue.dispatchEvent(Unknown Source)
	at java.awt.EventDispatchThread.pumpOneEventForFilters(Unknown Source)
	at java.awt.EventDispatchThread.pumpEventsForFilter(Unknown Source)
	at java.awt.EventDispatchThread.pumpEventsForHierarchy(Unknown Source)
	at java.awt.EventDispatchThread.pumpEvents(Unknown Source)
	at java.awt.EventDispatchThread.pumpEvents(Unknown Source)
	at java.awt.EventDispatchThread.run(Unknown Source)
Final da mensagem de erro.
