2014-March-11@11:40:33,774 - Erro ao carregar mais de um(a) demanda
Início da mensagem de erro:
java.sql.SQLException: [SQLITE_ERROR] SQL error or missing database (near "WHERE": syntax error)
	at org.sqlite.DB.newSQLException(DB.java:383)
	at org.sqlite.DB.newSQLException(DB.java:387)
	at org.sqlite.DB.throwex(DB.java:374)
	at org.sqlite.NativeDB.prepare(Native Method)
	at org.sqlite.DB.prepare(DB.java:123)
	at org.sqlite.PrepStmt.<init>(PrepStmt.java:42)
	at org.sqlite.Conn.prepareStatement(Conn.java:404)
	at org.sqlite.Conn.prepareStatement(Conn.java:399)
	at org.sqlite.Conn.prepareStatement(Conn.java:383)
	at com.copel.dao.BancoDeDados.setSql(BancoDeDados.java:80)
	at com.copel.sgd.dao.DemandaDAO.carregarSimilares(DemandaDAO.java:275)
	at com.copel.dao.ProxyDAO.carregarSimilares(ProxyDAO.java:85)
	at com.copel.sgd.bo.DemandaBO.carregarSimilares(DemandaBO.java:63)
	at com.copel.sgd.fachada.PainelDemandas.minhasDemandas(PainelDemandas.java:132)
	at com.copel.sgd.fachada.JanelaPrincipal$7.actionPerformed(JanelaPrincipal.java:190)
	at javax.swing.AbstractButton.fireActionPerformed(Unknown Source)
	at javax.swing.AbstractButton$Handler.actionPerformed(Unknown Source)
	at javax.swing.DefaultButtonModel.fireActionPerformed(Unknown Source)
	at javax.swing.DefaultButtonModel.setPressed(Unknown Source)
	at javax.swing.AbstractButton.doClick(Unknown Source)
	at javax.swing.plaf.basic.BasicMenuItemUI.doClick(Unknown Source)
	at javax.swing.plaf.basic.BasicMenuItemUI$Handler.mouseReleased(Unknown Source)
	at java.awt.Component.processMouseEvent(Unknown Source)
	at javax.swing.JComponent.processMouseEvent(Unknown Source)
	at java.awt.Component.processEvent(Unknown Source)
	at java.awt.Container.processEvent(Unknown Source)
	at java.awt.Component.dispatchEventImpl(Unknown Source)
	at java.awt.Container.dispatchEventImpl(Unknown Source)
	at java.awt.Component.dispatchEvent(Unknown Source)
	at java.awt.LightweightDispatcher.retargetMouseEvent(Unknown Source)
	at java.awt.LightweightDispatcher.processMouseEvent(Unknown Source)
	at java.awt.LightweightDispatcher.dispatchEvent(Unknown Source)
	at java.awt.Container.dispatchEventImpl(Unknown Source)
	at java.awt.Window.dispatchEventImpl(Unknown Source)
	at java.awt.Component.dispatchEvent(Unknown Source)
	at java.awt.EventQueue.dispatchEventImpl(Unknown Source)
	at java.awt.EventQueue.access$200(Unknown Source)
	at java.awt.EventQueue$3.run(Unknown Source)
	at java.awt.EventQueue$3.run(Unknown Source)
	at java.security.AccessController.doPrivileged(Native Method)
	at java.security.ProtectionDomain$1.doIntersectionPrivilege(Unknown Source)
	at java.security.ProtectionDomain$1.doIntersectionPrivilege(Unknown Source)
	at java.awt.EventQueue$4.run(Unknown Source)
	at java.awt.EventQueue$4.run(Unknown Source)
	at java.security.AccessController.doPrivileged(Native Method)
	at java.security.ProtectionDomain$1.doIntersectionPrivilege(Unknown Source)
	at java.awt.EventQueue.dispatchEvent(Unknown Source)
	at java.awt.EventDispatchThread.pumpOneEventForFilters(Unknown Source)
	at java.awt.EventDispatchThread.pumpEventsForFilter(Unknown Source)
	at java.awt.EventDispatchThread.pumpEventsForHierarchy(Unknown Source)
	at java.awt.EventDispatchThread.pumpEvents(Unknown Source)
	at java.awt.EventDispatchThread.pumpEvents(Unknown Source)
	at java.awt.EventDispatchThread.run(Unknown Source)
Final da mensagem de erro.
2014-March-11@12:03:53,328 - Erro ao carregar mais de um(a) demanda
Início da mensagem de erro:
java.sql.SQLException: [SQLITE_ERROR] SQL error or missing database (near "WHERE": syntax error)
	at org.sqlite.DB.newSQLException(DB.java:383)
	at org.sqlite.DB.newSQLException(DB.java:387)
	at org.sqlite.DB.throwex(DB.java:374)
	at org.sqlite.NativeDB.prepare(Native Method)
	at org.sqlite.DB.prepare(DB.java:123)
	at org.sqlite.PrepStmt.<init>(PrepStmt.java:42)
	at org.sqlite.Conn.prepareStatement(Conn.java:404)
	at org.sqlite.Conn.prepareStatement(Conn.java:399)
	at org.sqlite.Conn.prepareStatement(Conn.java:383)
	at com.copel.dao.BancoDeDados.setSql(BancoDeDados.java:80)
	at com.copel.sgd.dao.DemandaDAO.carregarSimilares(DemandaDAO.java:275)
	at com.copel.dao.ProxyDAO.carregarSimilares(ProxyDAO.java:85)
	at com.copel.sgd.bo.DemandaBO.carregarSimilares(DemandaBO.java:63)
	at com.copel.sgd.fachada.PainelDemandas.minhasDemandas(PainelDemandas.java:132)
	at com.copel.sgd.fachada.JanelaPrincipal$7.actionPerformed(JanelaPrincipal.java:190)
	at javax.swing.AbstractButton.fireActionPerformed(Unknown Source)
	at javax.swing.AbstractButton$Handler.actionPerformed(Unknown Source)
	at javax.swing.DefaultButtonModel.fireActionPerformed(Unknown Source)
	at javax.swing.DefaultButtonModel.setPressed(Unknown Source)
	at javax.swing.AbstractButton.doClick(Unknown Source)
	at javax.swing.plaf.basic.BasicMenuItemUI.doClick(Unknown Source)
	at javax.swing.plaf.basic.BasicMenuItemUI$Handler.mouseReleased(Unknown Source)
	at java.awt.Component.processMouseEvent(Unknown Source)
	at javax.swing.JComponent.processMouseEvent(Unknown Source)
	at java.awt.Component.processEvent(Unknown Source)
	at java.awt.Container.processEvent(Unknown Source)
	at java.awt.Component.dispatchEventImpl(Unknown Source)
	at java.awt.Container.dispatchEventImpl(Unknown Source)
	at java.awt.Component.dispatchEvent(Unknown Source)
	at java.awt.LightweightDispatcher.retargetMouseEvent(Unknown Source)
	at java.awt.LightweightDispatcher.processMouseEvent(Unknown Source)
	at java.awt.LightweightDispatcher.dispatchEvent(Unknown Source)
	at java.awt.Container.dispatchEventImpl(Unknown Source)
	at java.awt.Window.dispatchEventImpl(Unknown Source)
	at java.awt.Component.dispatchEvent(Unknown Source)
	at java.awt.EventQueue.dispatchEventImpl(Unknown Source)
	at java.awt.EventQueue.access$200(Unknown Source)
	at java.awt.EventQueue$3.run(Unknown Source)
	at java.awt.EventQueue$3.run(Unknown Source)
	at java.security.AccessController.doPrivileged(Native Method)
	at java.security.ProtectionDomain$1.doIntersectionPrivilege(Unknown Source)
	at java.security.ProtectionDomain$1.doIntersectionPrivilege(Unknown Source)
	at java.awt.EventQueue$4.run(Unknown Source)
	at java.awt.EventQueue$4.run(Unknown Source)
	at java.security.AccessController.doPrivileged(Native Method)
	at java.security.ProtectionDomain$1.doIntersectionPrivilege(Unknown Source)
	at java.awt.EventQueue.dispatchEvent(Unknown Source)
	at java.awt.EventDispatchThread.pumpOneEventForFilters(Unknown Source)
	at java.awt.EventDispatchThread.pumpEventsForFilter(Unknown Source)
	at java.awt.EventDispatchThread.pumpEventsForHierarchy(Unknown Source)
	at java.awt.EventDispatchThread.pumpEvents(Unknown Source)
	at java.awt.EventDispatchThread.pumpEvents(Unknown Source)
	at java.awt.EventDispatchThread.run(Unknown Source)
Final da mensagem de erro.
