2014-March-20@15:05:43,196 - Falha na execução do comando:org.sqlite.PrepStmt@498a5332. Comando NÃO executado.
2014-March-20@15:05:43,197 - Ação não executada, valores inconsistentes: [SQLITE_CONSTRAINT]  Abort due to constraint violation (PRIMARY KEY must be unique)
Início da mensagem de erro:
java.sql.SQLException: [SQLITE_CONSTRAINT]  Abort due to constraint violation (PRIMARY KEY must be unique)
	at org.sqlite.DB.newSQLException(DB.java:383)
	at org.sqlite.DB.newSQLException(DB.java:387)
	at org.sqlite.DB.execute(DB.java:342)
	at org.sqlite.PrepStmt.execute(PrepStmt.java:65)
	at com.copel.dao.BancoDeDados.executar(BancoDeDados.java:126)
	at com.copel.sgd.dao.TrabalhoDAO.adicionar(TrabalhoDAO.java:88)
	at com.copel.dao.ProxyDAO.salvar(ProxyDAO.java:53)
	at com.copel.sgd.bo.TrabalhoBO.salvar(TrabalhoBO.java:48)
	at com.copel.sgd.bo.DemandaBO.iniciarPausarTrabalho(DemandaBO.java:106)
	at com.copel.sgd.bo.DemandaBO.delegarDemandar(DemandaBO.java:117)
	at com.copel.sgd.fachada.PainelDemandaTrabalho$1$4.actionPerformed(PainelDemandaTrabalho.java:175)
	at javax.swing.AbstractButton.fireActionPerformed(Unknown Source)
	at javax.swing.AbstractButton$Handler.actionPerformed(Unknown Source)
	at javax.swing.DefaultButtonModel.fireActionPerformed(Unknown Source)
	at javax.swing.DefaultButtonModel.setPressed(Unknown Source)
	at javax.swing.AbstractButton.doClick(Unknown Source)
	at javax.swing.plaf.basic.BasicMenuItemUI.doClick(Unknown Source)
	at javax.swing.plaf.basic.BasicMenuItemUI$Handler.mouseReleased(Unknown Source)
	at java.awt.Component.processMouseEvent(Unknown Source)
	at javax.swing.JComponent.processMouseEvent(Unknown Source)
	at java.awt.Component.processEvent(Unknown Source)
	at java.awt.Container.processEvent(Unknown Source)
	at java.awt.Component.dispatchEventImpl(Unknown Source)
	at java.awt.Container.dispatchEventImpl(Unknown Source)
	at java.awt.Component.dispatchEvent(Unknown Source)
	at java.awt.LightweightDispatcher.retargetMouseEvent(Unknown Source)
	at java.awt.LightweightDispatcher.processMouseEvent(Unknown Source)
	at java.awt.LightweightDispatcher.dispatchEvent(Unknown Source)
	at java.awt.Container.dispatchEventImpl(Unknown Source)
	at java.awt.Window.dispatchEventImpl(Unknown Source)
	at java.awt.Component.dispatchEvent(Unknown Source)
	at java.awt.EventQueue.dispatchEventImpl(Unknown Source)
	at java.awt.EventQueue.access$200(Unknown Source)
	at java.awt.EventQueue$3.run(Unknown Source)
	at java.awt.EventQueue$3.run(Unknown Source)
	at java.security.AccessController.doPrivileged(Native Method)
	at java.security.ProtectionDomain$1.doIntersectionPrivilege(Unknown Source)
	at java.security.ProtectionDomain$1.doIntersectionPrivilege(Unknown Source)
	at java.awt.EventQueue$4.run(Unknown Source)
	at java.awt.EventQueue$4.run(Unknown Source)
	at java.security.AccessController.doPrivileged(Native Method)
	at java.security.ProtectionDomain$1.doIntersectionPrivilege(Unknown Source)
	at java.awt.EventQueue.dispatchEvent(Unknown Source)
	at java.awt.EventDispatchThread.pumpOneEventForFilters(Unknown Source)
	at java.awt.EventDispatchThread.pumpEventsForFilter(Unknown Source)
	at java.awt.EventDispatchThread.pumpEventsForHierarchy(Unknown Source)
	at java.awt.EventDispatchThread.pumpEvents(Unknown Source)
	at java.awt.EventDispatchThread.pumpEvents(Unknown Source)
	at java.awt.EventDispatchThread.run(Unknown Source)
Final da mensagem de erro.
2014-March-20@15:06:29,742 - Falha na execução do comando:org.sqlite.PrepStmt@623bbf83. Comando NÃO executado.
2014-March-20@15:06:29,742 - Ação não executada, valores inconsistentes: [SQLITE_CONSTRAINT]  Abort due to constraint violation (PRIMARY KEY must be unique)
Início da mensagem de erro:
java.sql.SQLException: [SQLITE_CONSTRAINT]  Abort due to constraint violation (PRIMARY KEY must be unique)
	at org.sqlite.DB.newSQLException(DB.java:383)
	at org.sqlite.DB.newSQLException(DB.java:387)
	at org.sqlite.DB.execute(DB.java:342)
	at org.sqlite.PrepStmt.execute(PrepStmt.java:65)
	at com.copel.dao.BancoDeDados.executar(BancoDeDados.java:126)
	at com.copel.sgd.dao.TrabalhoDAO.adicionar(TrabalhoDAO.java:88)
	at com.copel.dao.ProxyDAO.salvar(ProxyDAO.java:53)
	at com.copel.sgd.bo.TrabalhoBO.salvar(TrabalhoBO.java:48)
	at com.copel.sgd.bo.DemandaBO.iniciarPausarTrabalho(DemandaBO.java:106)
	at com.copel.sgd.bo.DemandaBO.delegarDemandar(DemandaBO.java:117)
	at com.copel.sgd.fachada.PainelDemandaTrabalho$1$4.actionPerformed(PainelDemandaTrabalho.java:175)
	at javax.swing.AbstractButton.fireActionPerformed(Unknown Source)
	at javax.swing.AbstractButton$Handler.actionPerformed(Unknown Source)
	at javax.swing.DefaultButtonModel.fireActionPerformed(Unknown Source)
	at javax.swing.DefaultButtonModel.setPressed(Unknown Source)
	at javax.swing.AbstractButton.doClick(Unknown Source)
	at javax.swing.plaf.basic.BasicMenuItemUI.doClick(Unknown Source)
	at javax.swing.plaf.basic.BasicMenuItemUI$Handler.mouseReleased(Unknown Source)
	at java.awt.Component.processMouseEvent(Unknown Source)
	at javax.swing.JComponent.processMouseEvent(Unknown Source)
	at java.awt.Component.processEvent(Unknown Source)
	at java.awt.Container.processEvent(Unknown Source)
	at java.awt.Component.dispatchEventImpl(Unknown Source)
	at java.awt.Container.dispatchEventImpl(Unknown Source)
	at java.awt.Component.dispatchEvent(Unknown Source)
	at java.awt.LightweightDispatcher.retargetMouseEvent(Unknown Source)
	at java.awt.LightweightDispatcher.processMouseEvent(Unknown Source)
	at java.awt.LightweightDispatcher.dispatchEvent(Unknown Source)
	at java.awt.Container.dispatchEventImpl(Unknown Source)
	at java.awt.Window.dispatchEventImpl(Unknown Source)
	at java.awt.Component.dispatchEvent(Unknown Source)
	at java.awt.EventQueue.dispatchEventImpl(Unknown Source)
	at java.awt.EventQueue.access$200(Unknown Source)
	at java.awt.EventQueue$3.run(Unknown Source)
	at java.awt.EventQueue$3.run(Unknown Source)
	at java.security.AccessController.doPrivileged(Native Method)
	at java.security.ProtectionDomain$1.doIntersectionPrivilege(Unknown Source)
	at java.security.ProtectionDomain$1.doIntersectionPrivilege(Unknown Source)
	at java.awt.EventQueue$4.run(Unknown Source)
	at java.awt.EventQueue$4.run(Unknown Source)
	at java.security.AccessController.doPrivileged(Native Method)
	at java.security.ProtectionDomain$1.doIntersectionPrivilege(Unknown Source)
	at java.awt.EventQueue.dispatchEvent(Unknown Source)
	at java.awt.EventDispatchThread.pumpOneEventForFilters(Unknown Source)
	at java.awt.EventDispatchThread.pumpEventsForFilter(Unknown Source)
	at java.awt.EventDispatchThread.pumpEventsForHierarchy(Unknown Source)
	at java.awt.EventDispatchThread.pumpEvents(Unknown Source)
	at java.awt.EventDispatchThread.pumpEvents(Unknown Source)
	at java.awt.EventDispatchThread.run(Unknown Source)
Final da mensagem de erro.
2014-March-20@15:07:40,082 - Falha na execução do comando:org.sqlite.PrepStmt@924fda2. Comando NÃO executado.
2014-March-20@15:07:40,083 - Ação não executada, valores inconsistentes: [SQLITE_CONSTRAINT]  Abort due to constraint violation (PRIMARY KEY must be unique)
Início da mensagem de erro:
java.sql.SQLException: [SQLITE_CONSTRAINT]  Abort due to constraint violation (PRIMARY KEY must be unique)
	at org.sqlite.DB.newSQLException(DB.java:383)
	at org.sqlite.DB.newSQLException(DB.java:387)
	at org.sqlite.DB.execute(DB.java:342)
	at org.sqlite.PrepStmt.execute(PrepStmt.java:65)
	at com.copel.dao.BancoDeDados.executar(BancoDeDados.java:126)
	at com.copel.sgd.dao.TrabalhoDAO.adicionar(TrabalhoDAO.java:88)
	at com.copel.dao.ProxyDAO.salvar(ProxyDAO.java:53)
	at com.copel.sgd.bo.TrabalhoBO.salvar(TrabalhoBO.java:48)
	at com.copel.sgd.bo.DemandaBO.iniciarPausarTrabalho(DemandaBO.java:106)
	at com.copel.sgd.bo.DemandaBO.delegarDemandar(DemandaBO.java:118)
	at com.copel.sgd.fachada.PainelDemandaTrabalho$1$4.actionPerformed(PainelDemandaTrabalho.java:175)
	at javax.swing.AbstractButton.fireActionPerformed(Unknown Source)
	at javax.swing.AbstractButton$Handler.actionPerformed(Unknown Source)
	at javax.swing.DefaultButtonModel.fireActionPerformed(Unknown Source)
	at javax.swing.DefaultButtonModel.setPressed(Unknown Source)
	at javax.swing.AbstractButton.doClick(Unknown Source)
	at javax.swing.plaf.basic.BasicMenuItemUI.doClick(Unknown Source)
	at javax.swing.plaf.basic.BasicMenuItemUI$Handler.mouseReleased(Unknown Source)
	at java.awt.Component.processMouseEvent(Unknown Source)
	at javax.swing.JComponent.processMouseEvent(Unknown Source)
	at java.awt.Component.processEvent(Unknown Source)
	at java.awt.Container.processEvent(Unknown Source)
	at java.awt.Component.dispatchEventImpl(Unknown Source)
	at java.awt.Container.dispatchEventImpl(Unknown Source)
	at java.awt.Component.dispatchEvent(Unknown Source)
	at java.awt.LightweightDispatcher.retargetMouseEvent(Unknown Source)
	at java.awt.LightweightDispatcher.processMouseEvent(Unknown Source)
	at java.awt.LightweightDispatcher.dispatchEvent(Unknown Source)
	at java.awt.Container.dispatchEventImpl(Unknown Source)
	at java.awt.Window.dispatchEventImpl(Unknown Source)
	at java.awt.Component.dispatchEvent(Unknown Source)
	at java.awt.EventQueue.dispatchEventImpl(Unknown Source)
	at java.awt.EventQueue.access$200(Unknown Source)
	at java.awt.EventQueue$3.run(Unknown Source)
	at java.awt.EventQueue$3.run(Unknown Source)
	at java.security.AccessController.doPrivileged(Native Method)
	at java.security.ProtectionDomain$1.doIntersectionPrivilege(Unknown Source)
	at java.security.ProtectionDomain$1.doIntersectionPrivilege(Unknown Source)
	at java.awt.EventQueue$4.run(Unknown Source)
	at java.awt.EventQueue$4.run(Unknown Source)
	at java.security.AccessController.doPrivileged(Native Method)
	at java.security.ProtectionDomain$1.doIntersectionPrivilege(Unknown Source)
	at java.awt.EventQueue.dispatchEvent(Unknown Source)
	at java.awt.EventDispatchThread.pumpOneEventForFilters(Unknown Source)
	at java.awt.EventDispatchThread.pumpEventsForFilter(Unknown Source)
	at java.awt.EventDispatchThread.pumpEventsForHierarchy(Unknown Source)
	at java.awt.EventDispatchThread.pumpEvents(Unknown Source)
	at java.awt.EventDispatchThread.pumpEvents(Unknown Source)
	at java.awt.EventDispatchThread.run(Unknown Source)
Final da mensagem de erro.
2014-March-20@16:17:02,003 - Falha na execução do comando:org.sqlite.PrepStmt@26491681. Comando NÃO executado.
2014-March-20@16:17:02,003 - Ação não executada, valores inconsistentes: [SQLITE_CONSTRAINT]  Abort due to constraint violation (PRIMARY KEY must be unique)
Início da mensagem de erro:
java.sql.SQLException: [SQLITE_CONSTRAINT]  Abort due to constraint violation (PRIMARY KEY must be unique)
	at org.sqlite.DB.newSQLException(DB.java:383)
	at org.sqlite.DB.newSQLException(DB.java:387)
	at org.sqlite.DB.execute(DB.java:342)
	at org.sqlite.PrepStmt.execute(PrepStmt.java:65)
	at com.copel.dao.BancoDeDados.executar(BancoDeDados.java:126)
	at com.copel.sgd.dao.TrabalhoDAO.adicionar(TrabalhoDAO.java:88)
	at com.copel.dao.ProxyDAO.salvar(ProxyDAO.java:48)
	at com.copel.sgd.bo.TrabalhoBO.salvar(TrabalhoBO.java:48)
	at com.copel.sgd.bo.DemandaBO.iniciarPausarTrabalho(DemandaBO.java:106)
	at com.copel.sgd.bo.DemandaBO.delegarDemandar(DemandaBO.java:118)
	at com.copel.sgd.fachada.PainelDemandaTrabalho$1$5.actionPerformed(PainelDemandaTrabalho.java:190)
	at javax.swing.AbstractButton.fireActionPerformed(Unknown Source)
	at javax.swing.AbstractButton$Handler.actionPerformed(Unknown Source)
	at javax.swing.DefaultButtonModel.fireActionPerformed(Unknown Source)
	at javax.swing.DefaultButtonModel.setPressed(Unknown Source)
	at javax.swing.AbstractButton.doClick(Unknown Source)
	at javax.swing.plaf.basic.BasicMenuItemUI.doClick(Unknown Source)
	at javax.swing.plaf.basic.BasicMenuItemUI$Handler.mouseReleased(Unknown Source)
	at java.awt.Component.processMouseEvent(Unknown Source)
	at javax.swing.JComponent.processMouseEvent(Unknown Source)
	at java.awt.Component.processEvent(Unknown Source)
	at java.awt.Container.processEvent(Unknown Source)
	at java.awt.Component.dispatchEventImpl(Unknown Source)
	at java.awt.Container.dispatchEventImpl(Unknown Source)
	at java.awt.Component.dispatchEvent(Unknown Source)
	at java.awt.LightweightDispatcher.retargetMouseEvent(Unknown Source)
	at java.awt.LightweightDispatcher.processMouseEvent(Unknown Source)
	at java.awt.LightweightDispatcher.dispatchEvent(Unknown Source)
	at java.awt.Container.dispatchEventImpl(Unknown Source)
	at java.awt.Window.dispatchEventImpl(Unknown Source)
	at java.awt.Component.dispatchEvent(Unknown Source)
	at java.awt.EventQueue.dispatchEventImpl(Unknown Source)
	at java.awt.EventQueue.access$200(Unknown Source)
	at java.awt.EventQueue$3.run(Unknown Source)
	at java.awt.EventQueue$3.run(Unknown Source)
	at java.security.AccessController.doPrivileged(Native Method)
	at java.security.ProtectionDomain$1.doIntersectionPrivilege(Unknown Source)
	at java.security.ProtectionDomain$1.doIntersectionPrivilege(Unknown Source)
	at java.awt.EventQueue$4.run(Unknown Source)
	at java.awt.EventQueue$4.run(Unknown Source)
	at java.security.AccessController.doPrivileged(Native Method)
	at java.security.ProtectionDomain$1.doIntersectionPrivilege(Unknown Source)
	at java.awt.EventQueue.dispatchEvent(Unknown Source)
	at java.awt.EventDispatchThread.pumpOneEventForFilters(Unknown Source)
	at java.awt.EventDispatchThread.pumpEventsForFilter(Unknown Source)
	at java.awt.EventDispatchThread.pumpEventsForHierarchy(Unknown Source)
	at java.awt.EventDispatchThread.pumpEvents(Unknown Source)
	at java.awt.EventDispatchThread.pumpEvents(Unknown Source)
	at java.awt.EventDispatchThread.run(Unknown Source)
Final da mensagem de erro.
