2015-September-24@22:10:50,989 - Falha ao acessar o objeto trabalho
Início da mensagem de erro:
java.lang.NullPointerException
	at com.copel.dao.BancoDeDados.fechar(BancoDeDados.java:116)
	at com.copel.dao.Proxy.carregarSimilares(Proxy.java:91)
	at com.copel.sgd.bo.TrabalhoBO.carregarSimilares(TrabalhoBO.java:64)
	at com.copel.sgd.fachada.Monitor.run(Monitor.java:27)
	at java.lang.Thread.run(Unknown Source)
Final da mensagem de erro.
2015-September-24@22:11:49,920 - Falha ao acessar o objeto trabalho
Início da mensagem de erro:
java.lang.NullPointerException
	at com.copel.dao.BancoDeDados.fechar(BancoDeDados.java:116)
	at com.copel.dao.Proxy.carregarSimilares(Proxy.java:91)
	at com.copel.sgd.bo.TrabalhoBO.carregarSimilares(TrabalhoBO.java:64)
	at com.copel.sgd.fachada.Monitor.run(Monitor.java:27)
	at java.lang.Thread.run(Unknown Source)
Final da mensagem de erro.
2015-September-24@22:15:51,026 - Falha ao acessar o objeto trabalho
Início da mensagem de erro:
java.lang.NullPointerException
	at com.copel.dao.BancoDeDados.fechar(BancoDeDados.java:116)
	at com.copel.dao.Proxy.carregarSimilares(Proxy.java:91)
	at com.copel.sgd.bo.TrabalhoBO.carregarSimilares(TrabalhoBO.java:64)
	at com.copel.sgd.fachada.Monitor.run(Monitor.java:27)
	at java.lang.Thread.run(Unknown Source)
Final da mensagem de erro.
2015-September-24@22:16:49,956 - Falha ao acessar o objeto trabalho
Início da mensagem de erro:
java.lang.NullPointerException
	at com.copel.dao.BancoDeDados.fechar(BancoDeDados.java:116)
	at com.copel.dao.Proxy.carregarSimilares(Proxy.java:91)
	at com.copel.sgd.bo.TrabalhoBO.carregarSimilares(TrabalhoBO.java:64)
	at com.copel.sgd.fachada.Monitor.run(Monitor.java:27)
	at java.lang.Thread.run(Unknown Source)
Final da mensagem de erro.
2015-September-24@22:20:51,058 - Falha ao acessar o objeto trabalho
Início da mensagem de erro:
java.lang.NullPointerException
	at com.copel.dao.BancoDeDados.fechar(BancoDeDados.java:116)
	at com.copel.dao.Proxy.carregarSimilares(Proxy.java:91)
	at com.copel.sgd.bo.TrabalhoBO.carregarSimilares(TrabalhoBO.java:64)
	at com.copel.sgd.fachada.Monitor.run(Monitor.java:27)
	at java.lang.Thread.run(Unknown Source)
Final da mensagem de erro.
2015-September-24@22:21:49,988 - Falha ao acessar o objeto trabalho
Início da mensagem de erro:
java.lang.NullPointerException
	at com.copel.dao.BancoDeDados.fechar(BancoDeDados.java:116)
	at com.copel.dao.Proxy.carregarSimilares(Proxy.java:91)
	at com.copel.sgd.bo.TrabalhoBO.carregarSimilares(TrabalhoBO.java:64)
	at com.copel.sgd.fachada.Monitor.run(Monitor.java:27)
	at java.lang.Thread.run(Unknown Source)
Final da mensagem de erro.
2015-September-24@22:25:51,095 - Falha ao acessar o objeto trabalho
Início da mensagem de erro:
java.lang.NullPointerException
	at com.copel.dao.BancoDeDados.fechar(BancoDeDados.java:116)
	at com.copel.dao.Proxy.carregarSimilares(Proxy.java:91)
	at com.copel.sgd.bo.TrabalhoBO.carregarSimilares(TrabalhoBO.java:64)
	at com.copel.sgd.fachada.Monitor.run(Monitor.java:27)
	at java.lang.Thread.run(Unknown Source)
Final da mensagem de erro.
2015-September-24@22:26:50,021 - Falha ao acessar o objeto trabalho
Início da mensagem de erro:
java.lang.NullPointerException
	at com.copel.dao.BancoDeDados.fechar(BancoDeDados.java:116)
	at com.copel.dao.Proxy.carregarSimilares(Proxy.java:91)
	at com.copel.sgd.bo.TrabalhoBO.carregarSimilares(TrabalhoBO.java:64)
	at com.copel.sgd.fachada.Monitor.run(Monitor.java:27)
	at java.lang.Thread.run(Unknown Source)
Final da mensagem de erro.
2015-September-24@22:30:51,129 - Falha ao acessar o objeto trabalho
Início da mensagem de erro:
java.lang.NullPointerException
	at com.copel.dao.BancoDeDados.fechar(BancoDeDados.java:116)
	at com.copel.dao.Proxy.carregarSimilares(Proxy.java:91)
	at com.copel.sgd.bo.TrabalhoBO.carregarSimilares(TrabalhoBO.java:64)
	at com.copel.sgd.fachada.Monitor.run(Monitor.java:27)
	at java.lang.Thread.run(Unknown Source)
Final da mensagem de erro.
2015-September-24@22:31:50,054 - Falha ao acessar o objeto trabalho
Início da mensagem de erro:
java.lang.NullPointerException
	at com.copel.dao.BancoDeDados.fechar(BancoDeDados.java:116)
	at com.copel.dao.Proxy.carregarSimilares(Proxy.java:91)
	at com.copel.sgd.bo.TrabalhoBO.carregarSimilares(TrabalhoBO.java:64)
	at com.copel.sgd.fachada.Monitor.run(Monitor.java:27)
	at java.lang.Thread.run(Unknown Source)
Final da mensagem de erro.
2015-September-24@22:35:51,164 - Falha ao acessar o objeto trabalho
Início da mensagem de erro:
java.lang.NullPointerException
	at com.copel.dao.BancoDeDados.fechar(BancoDeDados.java:116)
	at com.copel.dao.Proxy.carregarSimilares(Proxy.java:91)
	at com.copel.sgd.bo.TrabalhoBO.carregarSimilares(TrabalhoBO.java:64)
	at com.copel.sgd.fachada.Monitor.run(Monitor.java:27)
	at java.lang.Thread.run(Unknown Source)
Final da mensagem de erro.
2015-September-24@22:36:50,086 - Falha ao acessar o objeto trabalho
Início da mensagem de erro:
java.lang.NullPointerException
	at com.copel.dao.BancoDeDados.fechar(BancoDeDados.java:116)
	at com.copel.dao.Proxy.carregarSimilares(Proxy.java:91)
	at com.copel.sgd.bo.TrabalhoBO.carregarSimilares(TrabalhoBO.java:64)
	at com.copel.sgd.fachada.Monitor.run(Monitor.java:27)
	at java.lang.Thread.run(Unknown Source)
Final da mensagem de erro.
2015-September-24@22:40:51,198 - Falha ao acessar o objeto trabalho
Início da mensagem de erro:
java.lang.NullPointerException
	at com.copel.dao.BancoDeDados.fechar(BancoDeDados.java:116)
	at com.copel.dao.Proxy.carregarSimilares(Proxy.java:91)
	at com.copel.sgd.bo.TrabalhoBO.carregarSimilares(TrabalhoBO.java:64)
	at com.copel.sgd.fachada.Monitor.run(Monitor.java:27)
	at java.lang.Thread.run(Unknown Source)
Final da mensagem de erro.
2015-September-24@22:41:50,118 - Falha ao acessar o objeto trabalho
Início da mensagem de erro:
java.lang.NullPointerException
	at com.copel.dao.BancoDeDados.fechar(BancoDeDados.java:116)
	at com.copel.dao.Proxy.carregarSimilares(Proxy.java:91)
	at com.copel.sgd.bo.TrabalhoBO.carregarSimilares(TrabalhoBO.java:64)
	at com.copel.sgd.fachada.Monitor.run(Monitor.java:27)
	at java.lang.Thread.run(Unknown Source)
Final da mensagem de erro.
2015-September-24@22:45:51,235 - Falha ao acessar o objeto trabalho
Início da mensagem de erro:
java.lang.NullPointerException
	at com.copel.dao.BancoDeDados.fechar(BancoDeDados.java:116)
	at com.copel.dao.Proxy.carregarSimilares(Proxy.java:91)
	at com.copel.sgd.bo.TrabalhoBO.carregarSimilares(TrabalhoBO.java:64)
	at com.copel.sgd.fachada.Monitor.run(Monitor.java:27)
	at java.lang.Thread.run(Unknown Source)
Final da mensagem de erro.
2015-September-24@22:46:50,150 - Falha ao acessar o objeto trabalho
Início da mensagem de erro:
java.lang.NullPointerException
	at com.copel.dao.BancoDeDados.fechar(BancoDeDados.java:116)
	at com.copel.dao.Proxy.carregarSimilares(Proxy.java:91)
	at com.copel.sgd.bo.TrabalhoBO.carregarSimilares(TrabalhoBO.java:64)
	at com.copel.sgd.fachada.Monitor.run(Monitor.java:27)
	at java.lang.Thread.run(Unknown Source)
Final da mensagem de erro.
2015-September-24@22:52:08,896 - Falha ao acessar o objeto trabalho
Início da mensagem de erro:
java.lang.NullPointerException
	at com.copel.dao.BancoDeDados.fechar(BancoDeDados.java:116)
	at com.copel.dao.Proxy.carregarSimilares(Proxy.java:91)
	at com.copel.sgd.bo.TrabalhoBO.carregarSimilares(TrabalhoBO.java:64)
	at com.copel.sgd.fachada.Monitor.run(Monitor.java:27)
	at java.lang.Thread.run(Unknown Source)
Final da mensagem de erro.
2015-September-24@22:55:35,117 - Falha na execução do comando:org.sqlite.PrepStmt@540c1b0d. Comando NÃO executado.
2015-September-24@22:55:35,118 - Ação não executada, valores inconsistentes: [SQLITE_CONSTRAINT]  Abort due to constraint violation (column NOME is not unique)
Início da mensagem de erro:
java.sql.SQLException: [SQLITE_CONSTRAINT]  Abort due to constraint violation (column NOME is not unique)
	at org.sqlite.DB.newSQLException(DB.java:383)
	at org.sqlite.DB.newSQLException(DB.java:387)
	at org.sqlite.DB.execute(DB.java:342)
	at org.sqlite.PrepStmt.execute(PrepStmt.java:65)
	at com.copel.dao.BancoDeDados.executar(BancoDeDados.java:125)
	at com.copel.dao.Proxy.salvar(Proxy.java:21)
	at com.copel.sgd.bo.ContaBO.salvar(ContaBO.java:42)
	at com.copel.sgd.fachada.PainelCadastroConta$5.actionPerformed(PainelCadastroConta.java:208)
	at javax.swing.AbstractButton.fireActionPerformed(Unknown Source)
	at javax.swing.AbstractButton$Handler.actionPerformed(Unknown Source)
	at javax.swing.DefaultButtonModel.fireActionPerformed(Unknown Source)
	at javax.swing.DefaultButtonModel.setPressed(Unknown Source)
	at javax.swing.plaf.basic.BasicButtonListener.mouseReleased(Unknown Source)
	at java.awt.Component.processMouseEvent(Unknown Source)
	at javax.swing.JComponent.processMouseEvent(Unknown Source)
	at java.awt.Component.processEvent(Unknown Source)
	at java.awt.Container.processEvent(Unknown Source)
	at java.awt.Component.dispatchEventImpl(Unknown Source)
	at java.awt.Container.dispatchEventImpl(Unknown Source)
	at java.awt.Component.dispatchEvent(Unknown Source)
	at java.awt.LightweightDispatcher.retargetMouseEvent(Unknown Source)
	at java.awt.LightweightDispatcher.processMouseEvent(Unknown Source)
	at java.awt.LightweightDispatcher.dispatchEvent(Unknown Source)
	at java.awt.Container.dispatchEventImpl(Unknown Source)
	at java.awt.Window.dispatchEventImpl(Unknown Source)
	at java.awt.Component.dispatchEvent(Unknown Source)
	at java.awt.EventQueue.dispatchEventImpl(Unknown Source)
	at java.awt.EventQueue.access$200(Unknown Source)
	at java.awt.EventQueue$3.run(Unknown Source)
	at java.awt.EventQueue$3.run(Unknown Source)
	at java.security.AccessController.doPrivileged(Native Method)
	at java.security.ProtectionDomain$1.doIntersectionPrivilege(Unknown Source)
	at java.security.ProtectionDomain$1.doIntersectionPrivilege(Unknown Source)
	at java.awt.EventQueue$4.run(Unknown Source)
	at java.awt.EventQueue$4.run(Unknown Source)
	at java.security.AccessController.doPrivileged(Native Method)
	at java.security.ProtectionDomain$1.doIntersectionPrivilege(Unknown Source)
	at java.awt.EventQueue.dispatchEvent(Unknown Source)
	at java.awt.EventDispatchThread.pumpOneEventForFilters(Unknown Source)
	at java.awt.EventDispatchThread.pumpEventsForFilter(Unknown Source)
	at java.awt.EventDispatchThread.pumpEventsForHierarchy(Unknown Source)
	at java.awt.EventDispatchThread.pumpEvents(Unknown Source)
	at java.awt.EventDispatchThread.pumpEvents(Unknown Source)
	at java.awt.EventDispatchThread.run(Unknown Source)
Final da mensagem de erro.
2015-September-24@22:55:35,122 - Erro ao atualizar conta
Início da mensagem de erro:
java.lang.Exception: Ação não executada, valores inconsistentes: [SQLITE_CONSTRAINT]  Abort due to constraint violation (column NOME is not unique)
	at com.copel.Log.adicionarEJogarExcecao(Log.java:91)
	at com.copel.dao.BancoDeDados.executar(BancoDeDados.java:132)
	at com.copel.dao.Proxy.salvar(Proxy.java:21)
	at com.copel.sgd.bo.ContaBO.salvar(ContaBO.java:42)
	at com.copel.sgd.fachada.PainelCadastroConta$5.actionPerformed(PainelCadastroConta.java:208)
	at javax.swing.AbstractButton.fireActionPerformed(Unknown Source)
	at javax.swing.AbstractButton$Handler.actionPerformed(Unknown Source)
	at javax.swing.DefaultButtonModel.fireActionPerformed(Unknown Source)
	at javax.swing.DefaultButtonModel.setPressed(Unknown Source)
	at javax.swing.plaf.basic.BasicButtonListener.mouseReleased(Unknown Source)
	at java.awt.Component.processMouseEvent(Unknown Source)
	at javax.swing.JComponent.processMouseEvent(Unknown Source)
	at java.awt.Component.processEvent(Unknown Source)
	at java.awt.Container.processEvent(Unknown Source)
	at java.awt.Component.dispatchEventImpl(Unknown Source)
	at java.awt.Container.dispatchEventImpl(Unknown Source)
	at java.awt.Component.dispatchEvent(Unknown Source)
	at java.awt.LightweightDispatcher.retargetMouseEvent(Unknown Source)
	at java.awt.LightweightDispatcher.processMouseEvent(Unknown Source)
	at java.awt.LightweightDispatcher.dispatchEvent(Unknown Source)
	at java.awt.Container.dispatchEventImpl(Unknown Source)
	at java.awt.Window.dispatchEventImpl(Unknown Source)
	at java.awt.Component.dispatchEvent(Unknown Source)
	at java.awt.EventQueue.dispatchEventImpl(Unknown Source)
	at java.awt.EventQueue.access$200(Unknown Source)
	at java.awt.EventQueue$3.run(Unknown Source)
	at java.awt.EventQueue$3.run(Unknown Source)
	at java.security.AccessController.doPrivileged(Native Method)
	at java.security.ProtectionDomain$1.doIntersectionPrivilege(Unknown Source)
	at java.security.ProtectionDomain$1.doIntersectionPrivilege(Unknown Source)
	at java.awt.EventQueue$4.run(Unknown Source)
	at java.awt.EventQueue$4.run(Unknown Source)
	at java.security.AccessController.doPrivileged(Native Method)
	at java.security.ProtectionDomain$1.doIntersectionPrivilege(Unknown Source)
	at java.awt.EventQueue.dispatchEvent(Unknown Source)
	at java.awt.EventDispatchThread.pumpOneEventForFilters(Unknown Source)
	at java.awt.EventDispatchThread.pumpEventsForFilter(Unknown Source)
	at java.awt.EventDispatchThread.pumpEventsForHierarchy(Unknown Source)
	at java.awt.EventDispatchThread.pumpEvents(Unknown Source)
	at java.awt.EventDispatchThread.pumpEvents(Unknown Source)
	at java.awt.EventDispatchThread.run(Unknown Source)
Final da mensagem de erro.
2015-September-24@22:55:42,127 - Falha na execução do comando:org.sqlite.PrepStmt@476c2bb6. Comando NÃO executado.
2015-September-24@22:55:42,128 - Ação não executada, valores inconsistentes: [SQLITE_CONSTRAINT]  Abort due to constraint violation (column NOME is not unique)
Início da mensagem de erro:
java.sql.SQLException: [SQLITE_CONSTRAINT]  Abort due to constraint violation (column NOME is not unique)
	at org.sqlite.DB.newSQLException(DB.java:383)
	at org.sqlite.DB.newSQLException(DB.java:387)
	at org.sqlite.DB.execute(DB.java:342)
	at org.sqlite.PrepStmt.execute(PrepStmt.java:65)
	at com.copel.dao.BancoDeDados.executar(BancoDeDados.java:125)
	at com.copel.dao.Proxy.salvar(Proxy.java:21)
	at com.copel.sgd.bo.ContaBO.salvar(ContaBO.java:42)
	at com.copel.sgd.fachada.PainelCadastroConta$5.actionPerformed(PainelCadastroConta.java:208)
	at javax.swing.AbstractButton.fireActionPerformed(Unknown Source)
	at javax.swing.AbstractButton$Handler.actionPerformed(Unknown Source)
	at javax.swing.DefaultButtonModel.fireActionPerformed(Unknown Source)
	at javax.swing.DefaultButtonModel.setPressed(Unknown Source)
	at javax.swing.plaf.basic.BasicButtonListener.mouseReleased(Unknown Source)
	at java.awt.Component.processMouseEvent(Unknown Source)
	at javax.swing.JComponent.processMouseEvent(Unknown Source)
	at java.awt.Component.processEvent(Unknown Source)
	at java.awt.Container.processEvent(Unknown Source)
	at java.awt.Component.dispatchEventImpl(Unknown Source)
	at java.awt.Container.dispatchEventImpl(Unknown Source)
	at java.awt.Component.dispatchEvent(Unknown Source)
	at java.awt.LightweightDispatcher.retargetMouseEvent(Unknown Source)
	at java.awt.LightweightDispatcher.processMouseEvent(Unknown Source)
	at java.awt.LightweightDispatcher.dispatchEvent(Unknown Source)
	at java.awt.Container.dispatchEventImpl(Unknown Source)
	at java.awt.Window.dispatchEventImpl(Unknown Source)
	at java.awt.Component.dispatchEvent(Unknown Source)
	at java.awt.EventQueue.dispatchEventImpl(Unknown Source)
	at java.awt.EventQueue.access$200(Unknown Source)
	at java.awt.EventQueue$3.run(Unknown Source)
	at java.awt.EventQueue$3.run(Unknown Source)
	at java.security.AccessController.doPrivileged(Native Method)
	at java.security.ProtectionDomain$1.doIntersectionPrivilege(Unknown Source)
	at java.security.ProtectionDomain$1.doIntersectionPrivilege(Unknown Source)
	at java.awt.EventQueue$4.run(Unknown Source)
	at java.awt.EventQueue$4.run(Unknown Source)
	at java.security.AccessController.doPrivileged(Native Method)
	at java.security.ProtectionDomain$1.doIntersectionPrivilege(Unknown Source)
	at java.awt.EventQueue.dispatchEvent(Unknown Source)
	at java.awt.EventDispatchThread.pumpOneEventForFilters(Unknown Source)
	at java.awt.EventDispatchThread.pumpEventsForFilter(Unknown Source)
	at java.awt.EventDispatchThread.pumpEventsForHierarchy(Unknown Source)
	at java.awt.EventDispatchThread.pumpEvents(Unknown Source)
	at java.awt.EventDispatchThread.pumpEvents(Unknown Source)
	at java.awt.EventDispatchThread.run(Unknown Source)
Final da mensagem de erro.
2015-September-24@22:55:42,130 - Erro ao atualizar conta
Início da mensagem de erro:
java.lang.Exception: Ação não executada, valores inconsistentes: [SQLITE_CONSTRAINT]  Abort due to constraint violation (column NOME is not unique)
	at com.copel.Log.adicionarEJogarExcecao(Log.java:91)
	at com.copel.dao.BancoDeDados.executar(BancoDeDados.java:132)
	at com.copel.dao.Proxy.salvar(Proxy.java:21)
	at com.copel.sgd.bo.ContaBO.salvar(ContaBO.java:42)
	at com.copel.sgd.fachada.PainelCadastroConta$5.actionPerformed(PainelCadastroConta.java:208)
	at javax.swing.AbstractButton.fireActionPerformed(Unknown Source)
	at javax.swing.AbstractButton$Handler.actionPerformed(Unknown Source)
	at javax.swing.DefaultButtonModel.fireActionPerformed(Unknown Source)
	at javax.swing.DefaultButtonModel.setPressed(Unknown Source)
	at javax.swing.plaf.basic.BasicButtonListener.mouseReleased(Unknown Source)
	at java.awt.Component.processMouseEvent(Unknown Source)
	at javax.swing.JComponent.processMouseEvent(Unknown Source)
	at java.awt.Component.processEvent(Unknown Source)
	at java.awt.Container.processEvent(Unknown Source)
	at java.awt.Component.dispatchEventImpl(Unknown Source)
	at java.awt.Container.dispatchEventImpl(Unknown Source)
	at java.awt.Component.dispatchEvent(Unknown Source)
	at java.awt.LightweightDispatcher.retargetMouseEvent(Unknown Source)
	at java.awt.LightweightDispatcher.processMouseEvent(Unknown Source)
	at java.awt.LightweightDispatcher.dispatchEvent(Unknown Source)
	at java.awt.Container.dispatchEventImpl(Unknown Source)
	at java.awt.Window.dispatchEventImpl(Unknown Source)
	at java.awt.Component.dispatchEvent(Unknown Source)
	at java.awt.EventQueue.dispatchEventImpl(Unknown Source)
	at java.awt.EventQueue.access$200(Unknown Source)
	at java.awt.EventQueue$3.run(Unknown Source)
	at java.awt.EventQueue$3.run(Unknown Source)
	at java.security.AccessController.doPrivileged(Native Method)
	at java.security.ProtectionDomain$1.doIntersectionPrivilege(Unknown Source)
	at java.security.ProtectionDomain$1.doIntersectionPrivilege(Unknown Source)
	at java.awt.EventQueue$4.run(Unknown Source)
	at java.awt.EventQueue$4.run(Unknown Source)
	at java.security.AccessController.doPrivileged(Native Method)
	at java.security.ProtectionDomain$1.doIntersectionPrivilege(Unknown Source)
	at java.awt.EventQueue.dispatchEvent(Unknown Source)
	at java.awt.EventDispatchThread.pumpOneEventForFilters(Unknown Source)
	at java.awt.EventDispatchThread.pumpEventsForFilter(Unknown Source)
	at java.awt.EventDispatchThread.pumpEventsForHierarchy(Unknown Source)
	at java.awt.EventDispatchThread.pumpEvents(Unknown Source)
	at java.awt.EventDispatchThread.pumpEvents(Unknown Source)
	at java.awt.EventDispatchThread.run(Unknown Source)
Final da mensagem de erro.
2015-September-24@22:55:47,016 - Falha na execução do comando:org.sqlite.PrepStmt@2592cb49. Comando NÃO executado.
2015-September-24@22:55:47,016 - Ação não executada, valores inconsistentes: [SQLITE_CONSTRAINT]  Abort due to constraint violation (column NOME is not unique)
Início da mensagem de erro:
java.sql.SQLException: [SQLITE_CONSTRAINT]  Abort due to constraint violation (column NOME is not unique)
	at org.sqlite.DB.newSQLException(DB.java:383)
	at org.sqlite.DB.newSQLException(DB.java:387)
	at org.sqlite.DB.execute(DB.java:342)
	at org.sqlite.PrepStmt.execute(PrepStmt.java:65)
	at com.copel.dao.BancoDeDados.executar(BancoDeDados.java:125)
	at com.copel.dao.Proxy.salvar(Proxy.java:21)
	at com.copel.sgd.bo.ContaBO.salvar(ContaBO.java:42)
	at com.copel.sgd.fachada.PainelCadastroConta$5.actionPerformed(PainelCadastroConta.java:208)
	at javax.swing.AbstractButton.fireActionPerformed(Unknown Source)
	at javax.swing.AbstractButton$Handler.actionPerformed(Unknown Source)
	at javax.swing.DefaultButtonModel.fireActionPerformed(Unknown Source)
	at javax.swing.DefaultButtonModel.setPressed(Unknown Source)
	at javax.swing.plaf.basic.BasicButtonListener.mouseReleased(Unknown Source)
	at java.awt.Component.processMouseEvent(Unknown Source)
	at javax.swing.JComponent.processMouseEvent(Unknown Source)
	at java.awt.Component.processEvent(Unknown Source)
	at java.awt.Container.processEvent(Unknown Source)
	at java.awt.Component.dispatchEventImpl(Unknown Source)
	at java.awt.Container.dispatchEventImpl(Unknown Source)
	at java.awt.Component.dispatchEvent(Unknown Source)
	at java.awt.LightweightDispatcher.retargetMouseEvent(Unknown Source)
	at java.awt.LightweightDispatcher.processMouseEvent(Unknown Source)
	at java.awt.LightweightDispatcher.dispatchEvent(Unknown Source)
	at java.awt.Container.dispatchEventImpl(Unknown Source)
	at java.awt.Window.dispatchEventImpl(Unknown Source)
	at java.awt.Component.dispatchEvent(Unknown Source)
	at java.awt.EventQueue.dispatchEventImpl(Unknown Source)
	at java.awt.EventQueue.access$200(Unknown Source)
	at java.awt.EventQueue$3.run(Unknown Source)
	at java.awt.EventQueue$3.run(Unknown Source)
	at java.security.AccessController.doPrivileged(Native Method)
	at java.security.ProtectionDomain$1.doIntersectionPrivilege(Unknown Source)
	at java.security.ProtectionDomain$1.doIntersectionPrivilege(Unknown Source)
	at java.awt.EventQueue$4.run(Unknown Source)
	at java.awt.EventQueue$4.run(Unknown Source)
	at java.security.AccessController.doPrivileged(Native Method)
	at java.security.ProtectionDomain$1.doIntersectionPrivilege(Unknown Source)
	at java.awt.EventQueue.dispatchEvent(Unknown Source)
	at java.awt.EventDispatchThread.pumpOneEventForFilters(Unknown Source)
	at java.awt.EventDispatchThread.pumpEventsForFilter(Unknown Source)
	at java.awt.EventDispatchThread.pumpEventsForHierarchy(Unknown Source)
	at java.awt.EventDispatchThread.pumpEvents(Unknown Source)
	at java.awt.EventDispatchThread.pumpEvents(Unknown Source)
	at java.awt.EventDispatchThread.run(Unknown Source)
Final da mensagem de erro.
2015-September-24@22:55:47,018 - Erro ao atualizar conta
Início da mensagem de erro:
java.lang.Exception: Ação não executada, valores inconsistentes: [SQLITE_CONSTRAINT]  Abort due to constraint violation (column NOME is not unique)
	at com.copel.Log.adicionarEJogarExcecao(Log.java:91)
	at com.copel.dao.BancoDeDados.executar(BancoDeDados.java:132)
	at com.copel.dao.Proxy.salvar(Proxy.java:21)
	at com.copel.sgd.bo.ContaBO.salvar(ContaBO.java:42)
	at com.copel.sgd.fachada.PainelCadastroConta$5.actionPerformed(PainelCadastroConta.java:208)
	at javax.swing.AbstractButton.fireActionPerformed(Unknown Source)
	at javax.swing.AbstractButton$Handler.actionPerformed(Unknown Source)
	at javax.swing.DefaultButtonModel.fireActionPerformed(Unknown Source)
	at javax.swing.DefaultButtonModel.setPressed(Unknown Source)
	at javax.swing.plaf.basic.BasicButtonListener.mouseReleased(Unknown Source)
	at java.awt.Component.processMouseEvent(Unknown Source)
	at javax.swing.JComponent.processMouseEvent(Unknown Source)
	at java.awt.Component.processEvent(Unknown Source)
	at java.awt.Container.processEvent(Unknown Source)
	at java.awt.Component.dispatchEventImpl(Unknown Source)
	at java.awt.Container.dispatchEventImpl(Unknown Source)
	at java.awt.Component.dispatchEvent(Unknown Source)
	at java.awt.LightweightDispatcher.retargetMouseEvent(Unknown Source)
	at java.awt.LightweightDispatcher.processMouseEvent(Unknown Source)
	at java.awt.LightweightDispatcher.dispatchEvent(Unknown Source)
	at java.awt.Container.dispatchEventImpl(Unknown Source)
	at java.awt.Window.dispatchEventImpl(Unknown Source)
	at java.awt.Component.dispatchEvent(Unknown Source)
	at java.awt.EventQueue.dispatchEventImpl(Unknown Source)
	at java.awt.EventQueue.access$200(Unknown Source)
	at java.awt.EventQueue$3.run(Unknown Source)
	at java.awt.EventQueue$3.run(Unknown Source)
	at java.security.AccessController.doPrivileged(Native Method)
	at java.security.ProtectionDomain$1.doIntersectionPrivilege(Unknown Source)
	at java.security.ProtectionDomain$1.doIntersectionPrivilege(Unknown Source)
	at java.awt.EventQueue$4.run(Unknown Source)
	at java.awt.EventQueue$4.run(Unknown Source)
	at java.security.AccessController.doPrivileged(Native Method)
	at java.security.ProtectionDomain$1.doIntersectionPrivilege(Unknown Source)
	at java.awt.EventQueue.dispatchEvent(Unknown Source)
	at java.awt.EventDispatchThread.pumpOneEventForFilters(Unknown Source)
	at java.awt.EventDispatchThread.pumpEventsForFilter(Unknown Source)
	at java.awt.EventDispatchThread.pumpEventsForHierarchy(Unknown Source)
	at java.awt.EventDispatchThread.pumpEvents(Unknown Source)
	at java.awt.EventDispatchThread.pumpEvents(Unknown Source)
	at java.awt.EventDispatchThread.run(Unknown Source)
Final da mensagem de erro.
2015-September-24@22:57:08,927 - Falha ao acessar o objeto trabalho
Início da mensagem de erro:
java.lang.NullPointerException
	at com.copel.dao.BancoDeDados.fechar(BancoDeDados.java:116)
	at com.copel.dao.Proxy.carregarSimilares(Proxy.java:91)
	at com.copel.sgd.bo.TrabalhoBO.carregarSimilares(TrabalhoBO.java:64)
	at com.copel.sgd.fachada.Monitor.run(Monitor.java:27)
	at java.lang.Thread.run(Unknown Source)
Final da mensagem de erro.
2015-September-24@22:58:33,600 - Falha ao acessar o objeto trabalho
Início da mensagem de erro:
java.lang.NullPointerException
	at com.copel.dao.BancoDeDados.fechar(BancoDeDados.java:116)
	at com.copel.dao.Proxy.carregarSimilares(Proxy.java:91)
	at com.copel.sgd.bo.TrabalhoBO.carregarSimilares(TrabalhoBO.java:64)
	at com.copel.sgd.fachada.Monitor.run(Monitor.java:27)
	at java.lang.Thread.run(Unknown Source)
Final da mensagem de erro.
2015-September-24@23:17:43,251 - Falha ao acessar o objeto trabalho
Início da mensagem de erro:
java.lang.NullPointerException
	at com.copel.dao.BancoDeDados.fechar(BancoDeDados.java:116)
	at com.copel.dao.Proxy.carregarSimilares(Proxy.java:91)
	at com.copel.sgd.bo.TrabalhoBO.carregarSimilares(TrabalhoBO.java:64)
	at com.copel.sgd.fachada.Monitor.run(Monitor.java:27)
	at java.lang.Thread.run(Unknown Source)
Final da mensagem de erro.
2015-September-24@23:24:11,887 - Falha ao acessar o objeto trabalho
Início da mensagem de erro:
java.lang.NullPointerException
	at com.copel.dao.BancoDeDados.fechar(BancoDeDados.java:116)
	at com.copel.dao.Proxy.carregarSimilares(Proxy.java:91)
	at com.copel.sgd.bo.TrabalhoBO.carregarSimilares(TrabalhoBO.java:64)
	at com.copel.sgd.fachada.Monitor.run(Monitor.java:27)
	at java.lang.Thread.run(Unknown Source)
Final da mensagem de erro.
2015-September-24@23:29:11,926 - Falha ao acessar o objeto trabalho
Início da mensagem de erro:
java.lang.NullPointerException
	at com.copel.dao.BancoDeDados.fechar(BancoDeDados.java:116)
	at com.copel.dao.Proxy.carregarSimilares(Proxy.java:91)
	at com.copel.sgd.bo.TrabalhoBO.carregarSimilares(TrabalhoBO.java:64)
	at com.copel.sgd.fachada.Monitor.run(Monitor.java:27)
	at java.lang.Thread.run(Unknown Source)
Final da mensagem de erro.
2015-September-24@23:37:20,093 - Erro ao adicionar trabalho
Início da mensagem de erro:
java.sql.SQLException: [SQLITE_ERROR] SQL error or missing database (no such table: TRABALHO)
	at org.sqlite.DB.newSQLException(DB.java:383)
	at org.sqlite.DB.newSQLException(DB.java:387)
	at org.sqlite.DB.throwex(DB.java:374)
	at org.sqlite.NativeDB.prepare(Native Method)
	at org.sqlite.DB.prepare(DB.java:123)
	at org.sqlite.PrepStmt.<init>(PrepStmt.java:42)
	at org.sqlite.Conn.prepareStatement(Conn.java:404)
	at org.sqlite.Conn.prepareStatement(Conn.java:399)
	at org.sqlite.Conn.prepareStatement(Conn.java:383)
	at com.copel.dao.BancoDeDados.setSql(BancoDeDados.java:79)
	at com.copel.dao.BancoDeDados.inserir(BancoDeDados.java:184)
	at com.copel.dao.Proxy.salvar(Proxy.java:28)
	at com.copel.sgd.bo.TrabalhoBO.salvar(TrabalhoBO.java:49)
	at com.copel.sgd.bo.DemandaBO.iniciarPausarTrabalho(DemandaBO.java:95)
	at com.copel.sgd.fachada.PainelDemandaTrabalho$1$2.actionPerformed(PainelDemandaTrabalho.java:149)
	at javax.swing.AbstractButton.fireActionPerformed(Unknown Source)
	at javax.swing.AbstractButton$Handler.actionPerformed(Unknown Source)
	at javax.swing.DefaultButtonModel.fireActionPerformed(Unknown Source)
	at javax.swing.DefaultButtonModel.setPressed(Unknown Source)
	at javax.swing.AbstractButton.doClick(Unknown Source)
	at javax.swing.plaf.basic.BasicMenuItemUI.doClick(Unknown Source)
	at javax.swing.plaf.basic.BasicMenuItemUI$Handler.menuDragMouseReleased(Unknown Source)
	at javax.swing.JMenuItem.fireMenuDragMouseReleased(Unknown Source)
	at javax.swing.JMenuItem.processMenuDragMouseEvent(Unknown Source)
	at javax.swing.JMenuItem.processMouseEvent(Unknown Source)
	at javax.swing.MenuSelectionManager.processMouseEvent(Unknown Source)
	at javax.swing.plaf.basic.BasicPopupMenuUI$MouseGrabber.eventDispatched(Unknown Source)
	at java.awt.Toolkit$SelectiveAWTEventListener.eventDispatched(Unknown Source)
	at java.awt.Toolkit$ToolkitEventMulticaster.eventDispatched(Unknown Source)
	at java.awt.Toolkit.notifyAWTEventListeners(Unknown Source)
	at java.awt.Component.dispatchEventImpl(Unknown Source)
	at java.awt.Container.dispatchEventImpl(Unknown Source)
	at java.awt.Component.dispatchEvent(Unknown Source)
	at java.awt.LightweightDispatcher.retargetMouseEvent(Unknown Source)
	at java.awt.LightweightDispatcher.processMouseEvent(Unknown Source)
	at java.awt.LightweightDispatcher.dispatchEvent(Unknown Source)
	at java.awt.Container.dispatchEventImpl(Unknown Source)
	at java.awt.Window.dispatchEventImpl(Unknown Source)
	at java.awt.Component.dispatchEvent(Unknown Source)
	at java.awt.EventQueue.dispatchEventImpl(Unknown Source)
	at java.awt.EventQueue.access$200(Unknown Source)
	at java.awt.EventQueue$3.run(Unknown Source)
	at java.awt.EventQueue$3.run(Unknown Source)
	at java.security.AccessController.doPrivileged(Native Method)
	at java.security.ProtectionDomain$1.doIntersectionPrivilege(Unknown Source)
	at java.security.ProtectionDomain$1.doIntersectionPrivilege(Unknown Source)
	at java.awt.EventQueue$4.run(Unknown Source)
	at java.awt.EventQueue$4.run(Unknown Source)
	at java.security.AccessController.doPrivileged(Native Method)
	at java.security.ProtectionDomain$1.doIntersectionPrivilege(Unknown Source)
	at java.awt.EventQueue.dispatchEvent(Unknown Source)
	at java.awt.EventDispatchThread.pumpOneEventForFilters(Unknown Source)
	at java.awt.EventDispatchThread.pumpEventsForFilter(Unknown Source)
	at java.awt.EventDispatchThread.pumpEventsForHierarchy(Unknown Source)
	at java.awt.EventDispatchThread.pumpEvents(Unknown Source)
	at java.awt.EventDispatchThread.pumpEvents(Unknown Source)
	at java.awt.EventDispatchThread.run(Unknown Source)
Final da mensagem de erro.
2015-September-24@23:37:40,427 - Erro ao carregar demanda
Início da mensagem de erro:
java.sql.SQLException: ResultSet closed
	at org.sqlite.RS.checkOpen(RS.java:63)
	at org.sqlite.RS.findColumn(RS.java:108)
	at org.sqlite.RS.getInt(RS.java:293)
	at com.copel.sgd.dao.DemandaDAO.lerColunas(DemandaDAO.java:118)
	at com.copel.dao.BancoDeDados.carregar(BancoDeDados.java:206)
	at com.copel.dao.Proxy.carregar(Proxy.java:59)
	at com.copel.sgd.bo.DemandaBO.carregar(DemandaBO.java:32)
	at com.copel.sgd.fachada.PainelCadastroDemanda$4.actionPerformed(PainelCadastroDemanda.java:335)
	at javax.swing.AbstractButton.fireActionPerformed(Unknown Source)
	at javax.swing.AbstractButton$Handler.actionPerformed(Unknown Source)
	at javax.swing.DefaultButtonModel.fireActionPerformed(Unknown Source)
	at javax.swing.DefaultButtonModel.setPressed(Unknown Source)
	at javax.swing.plaf.basic.BasicButtonListener.mouseReleased(Unknown Source)
	at java.awt.Component.processMouseEvent(Unknown Source)
	at javax.swing.JComponent.processMouseEvent(Unknown Source)
	at java.awt.Component.processEvent(Unknown Source)
	at java.awt.Container.processEvent(Unknown Source)
	at java.awt.Component.dispatchEventImpl(Unknown Source)
	at java.awt.Container.dispatchEventImpl(Unknown Source)
	at java.awt.Component.dispatchEvent(Unknown Source)
	at java.awt.LightweightDispatcher.retargetMouseEvent(Unknown Source)
	at java.awt.LightweightDispatcher.processMouseEvent(Unknown Source)
	at java.awt.LightweightDispatcher.dispatchEvent(Unknown Source)
	at java.awt.Container.dispatchEventImpl(Unknown Source)
	at java.awt.Window.dispatchEventImpl(Unknown Source)
	at java.awt.Component.dispatchEvent(Unknown Source)
	at java.awt.EventQueue.dispatchEventImpl(Unknown Source)
	at java.awt.EventQueue.access$200(Unknown Source)
	at java.awt.EventQueue$3.run(Unknown Source)
	at java.awt.EventQueue$3.run(Unknown Source)
	at java.security.AccessController.doPrivileged(Native Method)
	at java.security.ProtectionDomain$1.doIntersectionPrivilege(Unknown Source)
	at java.security.ProtectionDomain$1.doIntersectionPrivilege(Unknown Source)
	at java.awt.EventQueue$4.run(Unknown Source)
	at java.awt.EventQueue$4.run(Unknown Source)
	at java.security.AccessController.doPrivileged(Native Method)
	at java.security.ProtectionDomain$1.doIntersectionPrivilege(Unknown Source)
	at java.awt.EventQueue.dispatchEvent(Unknown Source)
	at java.awt.EventDispatchThread.pumpOneEventForFilters(Unknown Source)
	at java.awt.EventDispatchThread.pumpEventsForFilter(Unknown Source)
	at java.awt.EventDispatchThread.pumpEventsForHierarchy(Unknown Source)
	at java.awt.EventDispatchThread.pumpEvents(Unknown Source)
	at java.awt.EventDispatchThread.pumpEvents(Unknown Source)
	at java.awt.EventDispatchThread.run(Unknown Source)
Final da mensagem de erro.
2015-September-24@23:38:30,789 - Erro ao carregar demanda
Início da mensagem de erro:
java.sql.SQLException: ResultSet closed
	at org.sqlite.RS.checkOpen(RS.java:63)
	at org.sqlite.RS.findColumn(RS.java:108)
	at org.sqlite.RS.getInt(RS.java:293)
	at com.copel.sgd.dao.DemandaDAO.lerColunas(DemandaDAO.java:118)
	at com.copel.dao.BancoDeDados.carregar(BancoDeDados.java:206)
	at com.copel.dao.Proxy.carregar(Proxy.java:59)
	at com.copel.sgd.bo.DemandaBO.carregar(DemandaBO.java:32)
	at com.copel.sgd.fachada.PainelCadastroDemanda$4.actionPerformed(PainelCadastroDemanda.java:335)
	at javax.swing.AbstractButton.fireActionPerformed(Unknown Source)
	at javax.swing.AbstractButton$Handler.actionPerformed(Unknown Source)
	at javax.swing.DefaultButtonModel.fireActionPerformed(Unknown Source)
	at javax.swing.DefaultButtonModel.setPressed(Unknown Source)
	at javax.swing.plaf.basic.BasicButtonListener.mouseReleased(Unknown Source)
	at java.awt.Component.processMouseEvent(Unknown Source)
	at javax.swing.JComponent.processMouseEvent(Unknown Source)
	at java.awt.Component.processEvent(Unknown Source)
	at java.awt.Container.processEvent(Unknown Source)
	at java.awt.Component.dispatchEventImpl(Unknown Source)
	at java.awt.Container.dispatchEventImpl(Unknown Source)
	at java.awt.Component.dispatchEvent(Unknown Source)
	at java.awt.LightweightDispatcher.retargetMouseEvent(Unknown Source)
	at java.awt.LightweightDispatcher.processMouseEvent(Unknown Source)
	at java.awt.LightweightDispatcher.dispatchEvent(Unknown Source)
	at java.awt.Container.dispatchEventImpl(Unknown Source)
	at java.awt.Window.dispatchEventImpl(Unknown Source)
	at java.awt.Component.dispatchEvent(Unknown Source)
	at java.awt.EventQueue.dispatchEventImpl(Unknown Source)
	at java.awt.EventQueue.access$200(Unknown Source)
	at java.awt.EventQueue$3.run(Unknown Source)
	at java.awt.EventQueue$3.run(Unknown Source)
	at java.security.AccessController.doPrivileged(Native Method)
	at java.security.ProtectionDomain$1.doIntersectionPrivilege(Unknown Source)
	at java.security.ProtectionDomain$1.doIntersectionPrivilege(Unknown Source)
	at java.awt.EventQueue$4.run(Unknown Source)
	at java.awt.EventQueue$4.run(Unknown Source)
	at java.security.AccessController.doPrivileged(Native Method)
	at java.security.ProtectionDomain$1.doIntersectionPrivilege(Unknown Source)
	at java.awt.EventQueue.dispatchEvent(Unknown Source)
	at java.awt.EventDispatchThread.pumpOneEventForFilters(Unknown Source)
	at java.awt.EventDispatchThread.pumpEventsForFilter(Unknown Source)
	at java.awt.EventDispatchThread.pumpEventsForHierarchy(Unknown Source)
	at java.awt.EventDispatchThread.pumpEvents(Unknown Source)
	at java.awt.EventDispatchThread.pumpEvents(Unknown Source)
	at java.awt.EventDispatchThread.run(Unknown Source)
Final da mensagem de erro.
2015-September-24@23:38:49,089 - Erro ao carregar demanda
Início da mensagem de erro:
java.sql.SQLException: ResultSet closed
	at org.sqlite.RS.checkOpen(RS.java:63)
	at org.sqlite.RS.findColumn(RS.java:108)
	at org.sqlite.RS.getInt(RS.java:293)
	at com.copel.sgd.dao.DemandaDAO.lerColunas(DemandaDAO.java:118)
	at com.copel.dao.BancoDeDados.carregar(BancoDeDados.java:206)
	at com.copel.dao.Proxy.carregar(Proxy.java:59)
	at com.copel.sgd.bo.DemandaBO.carregar(DemandaBO.java:32)
	at com.copel.sgd.fachada.PainelCadastroDemanda$4.actionPerformed(PainelCadastroDemanda.java:335)
	at javax.swing.AbstractButton.fireActionPerformed(Unknown Source)
	at javax.swing.AbstractButton$Handler.actionPerformed(Unknown Source)
	at javax.swing.DefaultButtonModel.fireActionPerformed(Unknown Source)
	at javax.swing.DefaultButtonModel.setPressed(Unknown Source)
	at javax.swing.plaf.basic.BasicButtonListener.mouseReleased(Unknown Source)
	at java.awt.Component.processMouseEvent(Unknown Source)
	at javax.swing.JComponent.processMouseEvent(Unknown Source)
	at java.awt.Component.processEvent(Unknown Source)
	at java.awt.Container.processEvent(Unknown Source)
	at java.awt.Component.dispatchEventImpl(Unknown Source)
	at java.awt.Container.dispatchEventImpl(Unknown Source)
	at java.awt.Component.dispatchEvent(Unknown Source)
	at java.awt.LightweightDispatcher.retargetMouseEvent(Unknown Source)
	at java.awt.LightweightDispatcher.processMouseEvent(Unknown Source)
	at java.awt.LightweightDispatcher.dispatchEvent(Unknown Source)
	at java.awt.Container.dispatchEventImpl(Unknown Source)
	at java.awt.Window.dispatchEventImpl(Unknown Source)
	at java.awt.Component.dispatchEvent(Unknown Source)
	at java.awt.EventQueue.dispatchEventImpl(Unknown Source)
	at java.awt.EventQueue.access$200(Unknown Source)
	at java.awt.EventQueue$3.run(Unknown Source)
	at java.awt.EventQueue$3.run(Unknown Source)
	at java.security.AccessController.doPrivileged(Native Method)
	at java.security.ProtectionDomain$1.doIntersectionPrivilege(Unknown Source)
	at java.security.ProtectionDomain$1.doIntersectionPrivilege(Unknown Source)
	at java.awt.EventQueue$4.run(Unknown Source)
	at java.awt.EventQueue$4.run(Unknown Source)
	at java.security.AccessController.doPrivileged(Native Method)
	at java.security.ProtectionDomain$1.doIntersectionPrivilege(Unknown Source)
	at java.awt.EventQueue.dispatchEvent(Unknown Source)
	at java.awt.EventDispatchThread.pumpOneEventForFilters(Unknown Source)
	at java.awt.EventDispatchThread.pumpEventsForFilter(Unknown Source)
	at java.awt.EventDispatchThread.pumpEventsForHierarchy(Unknown Source)
	at java.awt.EventDispatchThread.pumpEvents(Unknown Source)
	at java.awt.EventDispatchThread.pumpEvents(Unknown Source)
	at java.awt.EventDispatchThread.run(Unknown Source)
Final da mensagem de erro.
2015-September-24@23:39:19,551 - Erro ao carregar demanda
Início da mensagem de erro:
java.sql.SQLException: ResultSet closed
	at org.sqlite.RS.checkOpen(RS.java:63)
	at org.sqlite.RS.findColumn(RS.java:108)
	at org.sqlite.RS.getInt(RS.java:293)
	at com.copel.sgd.dao.DemandaDAO.lerColunas(DemandaDAO.java:118)
	at com.copel.dao.BancoDeDados.carregar(BancoDeDados.java:206)
	at com.copel.dao.Proxy.carregar(Proxy.java:59)
	at com.copel.sgd.bo.DemandaBO.carregar(DemandaBO.java:32)
	at com.copel.sgd.fachada.PainelCadastroDemanda$4.actionPerformed(PainelCadastroDemanda.java:335)
	at javax.swing.AbstractButton.fireActionPerformed(Unknown Source)
	at javax.swing.AbstractButton$Handler.actionPerformed(Unknown Source)
	at javax.swing.DefaultButtonModel.fireActionPerformed(Unknown Source)
	at javax.swing.DefaultButtonModel.setPressed(Unknown Source)
	at javax.swing.plaf.basic.BasicButtonListener.mouseReleased(Unknown Source)
	at java.awt.Component.processMouseEvent(Unknown Source)
	at javax.swing.JComponent.processMouseEvent(Unknown Source)
	at java.awt.Component.processEvent(Unknown Source)
	at java.awt.Container.processEvent(Unknown Source)
	at java.awt.Component.dispatchEventImpl(Unknown Source)
	at java.awt.Container.dispatchEventImpl(Unknown Source)
	at java.awt.Component.dispatchEvent(Unknown Source)
	at java.awt.LightweightDispatcher.retargetMouseEvent(Unknown Source)
	at java.awt.LightweightDispatcher.processMouseEvent(Unknown Source)
	at java.awt.LightweightDispatcher.dispatchEvent(Unknown Source)
	at java.awt.Container.dispatchEventImpl(Unknown Source)
	at java.awt.Window.dispatchEventImpl(Unknown Source)
	at java.awt.Component.dispatchEvent(Unknown Source)
	at java.awt.EventQueue.dispatchEventImpl(Unknown Source)
	at java.awt.EventQueue.access$200(Unknown Source)
	at java.awt.EventQueue$3.run(Unknown Source)
	at java.awt.EventQueue$3.run(Unknown Source)
	at java.security.AccessController.doPrivileged(Native Method)
	at java.security.ProtectionDomain$1.doIntersectionPrivilege(Unknown Source)
	at java.security.ProtectionDomain$1.doIntersectionPrivilege(Unknown Source)
	at java.awt.EventQueue$4.run(Unknown Source)
	at java.awt.EventQueue$4.run(Unknown Source)
	at java.security.AccessController.doPrivileged(Native Method)
	at java.security.ProtectionDomain$1.doIntersectionPrivilege(Unknown Source)
	at java.awt.EventQueue.dispatchEvent(Unknown Source)
	at java.awt.EventDispatchThread.pumpOneEventForFilters(Unknown Source)
	at java.awt.EventDispatchThread.pumpEventsForFilter(Unknown Source)
	at java.awt.EventDispatchThread.pumpEventsForHierarchy(Unknown Source)
	at java.awt.EventDispatchThread.pumpEvents(Unknown Source)
	at java.awt.EventDispatchThread.pumpEvents(Unknown Source)
	at java.awt.EventDispatchThread.run(Unknown Source)
Final da mensagem de erro.
2015-September-24@23:41:13,715 - Falha ao acessar o objeto trabalho
Início da mensagem de erro:
java.lang.NullPointerException
	at com.copel.dao.BancoDeDados.fechar(BancoDeDados.java:116)
	at com.copel.dao.Proxy.carregarSimilares(Proxy.java:91)
	at com.copel.sgd.bo.TrabalhoBO.carregarSimilares(TrabalhoBO.java:64)
	at com.copel.sgd.fachada.Monitor.run(Monitor.java:27)
	at java.lang.Thread.run(Unknown Source)
Final da mensagem de erro.
2015-September-24@23:46:13,752 - Falha ao acessar o objeto trabalho
Início da mensagem de erro:
java.lang.NullPointerException
	at com.copel.dao.BancoDeDados.fechar(BancoDeDados.java:116)
	at com.copel.dao.Proxy.carregarSimilares(Proxy.java:91)
	at com.copel.sgd.bo.TrabalhoBO.carregarSimilares(TrabalhoBO.java:64)
	at com.copel.sgd.fachada.Monitor.run(Monitor.java:27)
	at java.lang.Thread.run(Unknown Source)
Final da mensagem de erro.
2015-September-24@23:51:13,480 - Falha ao acessar o objeto trabalho
Início da mensagem de erro:
java.lang.NullPointerException
	at com.copel.dao.BancoDeDados.fechar(BancoDeDados.java:116)
	at com.copel.dao.Proxy.carregarSimilares(Proxy.java:91)
	at com.copel.sgd.bo.TrabalhoBO.carregarSimilares(TrabalhoBO.java:64)
	at com.copel.sgd.fachada.Monitor.run(Monitor.java:27)
	at java.lang.Thread.run(Unknown Source)
Final da mensagem de erro.
